TfPoseEstimator/MobilenetV1/Conv2d_0/weights
TfPoseEstimator/image
TfPoseEstimator/MobilenetV1/Conv2d_0/Conv2D
TfPoseEstimator/MobilenetV1/Conv2d_0/Conv2D_bn_offset
TfPoseEstimator/MobilenetV1/Conv2d_0/BatchNorm/FusedBatchNorm
TfPoseEstimator/MobilenetV1/Conv2d_0/Relu
TfPoseEstimator/MobilenetV1/Conv2d_1_depthwise/depthwise_weights
TfPoseEstimator/MobilenetV1/Conv2d_1_pointwise/weights
TfPoseEstimator/MobilenetV1/Conv2d_1_depthwise/depthwise
TfPoseEstimator/MobilenetV1/Conv2d_1_pointwise/Conv2D
TfPoseEstimator/MobilenetV1/Conv2d_1_pointwise/Conv2D_bn_offset
TfPoseEstimator/MobilenetV1/Conv2d_1_pointwise/BatchNorm/FusedBatchNorm
TfPoseEstimator/MobilenetV1/Conv2d_1_pointwise/Relu
TfPoseEstimator/MobilenetV1/Conv2d_2_depthwise/depthwise_weights
TfPoseEstimator/MobilenetV1/Conv2d_2_pointwise/weights
TfPoseEstimator/MobilenetV1/Conv2d_2_depthwise/depthwise
TfPoseEstimator/MobilenetV1/Conv2d_2_pointwise/Conv2D
TfPoseEstimator/MobilenetV1/Conv2d_2_pointwise/Conv2D_bn_offset
TfPoseEstimator/MobilenetV1/Conv2d_2_pointwise/BatchNorm/FusedBatchNorm
TfPoseEstimator/MobilenetV1/Conv2d_2_pointwise/Relu
TfPoseEstimator/MobilenetV1/Conv2d_3_depthwise/depthwise_weights
TfPoseEstimator/MobilenetV1/Conv2d_3_pointwise/weights
TfPoseEstimator/MobilenetV1/Conv2d_3_depthwise/depthwise
TfPoseEstimator/MobilenetV1/Conv2d_3_pointwise/Conv2D
TfPoseEstimator/MobilenetV1/Conv2d_3_pointwise/Conv2D_bn_offset
TfPoseEstimator/MobilenetV1/Conv2d_3_pointwise/BatchNorm/FusedBatchNorm
TfPoseEstimator/MobilenetV1/Conv2d_3_pointwise/Relu
TfPoseEstimator/MobilenetV1/Conv2d_4_depthwise/depthwise_weights
TfPoseEstimator/MobilenetV1/Conv2d_4_pointwise/weights
TfPoseEstimator/MobilenetV1/Conv2d_4_depthwise/depthwise
TfPoseEstimator/MobilenetV1/Conv2d_4_pointwise/Conv2D
TfPoseEstimator/MobilenetV1/Conv2d_4_pointwise/Conv2D_bn_offset
TfPoseEstimator/MobilenetV1/Conv2d_4_pointwise/BatchNorm/FusedBatchNorm
TfPoseEstimator/MobilenetV1/Conv2d_4_pointwise/Relu
TfPoseEstimator/MobilenetV1/Conv2d_5_depthwise/depthwise_weights
TfPoseEstimator/MobilenetV1/Conv2d_5_pointwise/weights
TfPoseEstimator/MobilenetV1/Conv2d_5_depthwise/depthwise
TfPoseEstimator/MobilenetV1/Conv2d_5_pointwise/Conv2D
TfPoseEstimator/MobilenetV1/Conv2d_5_pointwise/Conv2D_bn_offset
TfPoseEstimator/MobilenetV1/Conv2d_5_pointwise/BatchNorm/FusedBatchNorm
TfPoseEstimator/MobilenetV1/Conv2d_5_pointwise/Relu
TfPoseEstimator/MobilenetV1/Conv2d_6_depthwise/depthwise_weights
TfPoseEstimator/MobilenetV1/Conv2d_6_pointwise/weights
TfPoseEstimator/MobilenetV1/Conv2d_6_depthwise/depthwise
TfPoseEstimator/MobilenetV1/Conv2d_6_pointwise/Conv2D
TfPoseEstimator/MobilenetV1/Conv2d_6_pointwise/Conv2D_bn_offset
TfPoseEstimator/MobilenetV1/Conv2d_6_pointwise/BatchNorm/FusedBatchNorm
TfPoseEstimator/MobilenetV1/Conv2d_6_pointwise/Relu
TfPoseEstimator/MobilenetV1/Conv2d_7_depthwise/depthwise_weights
TfPoseEstimator/MobilenetV1/Conv2d_7_pointwise/weights
TfPoseEstimator/MobilenetV1/Conv2d_7_depthwise/depthwise
TfPoseEstimator/MobilenetV1/Conv2d_7_pointwise/Conv2D
TfPoseEstimator/MobilenetV1/Conv2d_7_pointwise/Conv2D_bn_offset
TfPoseEstimator/MobilenetV1/Conv2d_7_pointwise/BatchNorm/FusedBatchNorm
TfPoseEstimator/MobilenetV1/Conv2d_7_pointwise/Relu
TfPoseEstimator/MobilenetV1/Conv2d_8_depthwise/depthwise_weights
TfPoseEstimator/MobilenetV1/Conv2d_8_pointwise/weights
TfPoseEstimator/MobilenetV1/Conv2d_8_depthwise/depthwise
TfPoseEstimator/MobilenetV1/Conv2d_8_pointwise/Conv2D
TfPoseEstimator/MobilenetV1/Conv2d_8_pointwise/Conv2D_bn_offset
TfPoseEstimator/MobilenetV1/Conv2d_8_pointwise/BatchNorm/FusedBatchNorm
TfPoseEstimator/MobilenetV1/Conv2d_8_pointwise/Relu
TfPoseEstimator/MobilenetV1/Conv2d_9_depthwise/depthwise_weights
TfPoseEstimator/MobilenetV1/Conv2d_9_pointwise/weights
TfPoseEstimator/MobilenetV1/Conv2d_9_depthwise/depthwise
TfPoseEstimator/MobilenetV1/Conv2d_9_pointwise/Conv2D
TfPoseEstimator/MobilenetV1/Conv2d_9_pointwise/Conv2D_bn_offset
TfPoseEstimator/MobilenetV1/Conv2d_9_pointwise/BatchNorm/FusedBatchNorm
TfPoseEstimator/MobilenetV1/Conv2d_9_pointwise/Relu
TfPoseEstimator/MobilenetV1/Conv2d_10_depthwise/depthwise_weights
TfPoseEstimator/MobilenetV1/Conv2d_10_pointwise/weights
TfPoseEstimator/MobilenetV1/Conv2d_10_depthwise/depthwise
TfPoseEstimator/MobilenetV1/Conv2d_10_pointwise/Conv2D
TfPoseEstimator/MobilenetV1/Conv2d_10_pointwise/Conv2D_bn_offset
TfPoseEstimator/MobilenetV1/Conv2d_10_pointwise/BatchNorm/FusedBatchNorm
TfPoseEstimator/MobilenetV1/Conv2d_10_pointwise/Relu
TfPoseEstimator/MobilenetV1/Conv2d_11_depthwise/depthwise_weights
TfPoseEstimator/MobilenetV1/Conv2d_11_pointwise/weights
TfPoseEstimator/MobilenetV1/Conv2d_11_depthwise/depthwise
TfPoseEstimator/MobilenetV1/Conv2d_11_pointwise/Conv2D
TfPoseEstimator/MobilenetV1/Conv2d_11_pointwise/Conv2D_bn_offset
TfPoseEstimator/MobilenetV1/Conv2d_11_pointwise/BatchNorm/FusedBatchNorm
TfPoseEstimator/MobilenetV1/Conv2d_11_pointwise/Relu
TfPoseEstimator/Conv2d_3_pool
TfPoseEstimator/feat_concat/axis
TfPoseEstimator/feat_concat
TfPoseEstimator/Openpose/MConv_Stage1_L1_1_depthwise/depthwise_weights
TfPoseEstimator/Openpose/MConv_Stage1_L1_1_pointwise/weights
TfPoseEstimator/Openpose/MConv_Stage1_L1_1_depthwise/depthwise
TfPoseEstimator/Openpose/MConv_Stage1_L1_1_pointwise/Conv2D
TfPoseEstimator/Openpose/MConv_Stage1_L1_1_pointwise/Conv2D_bn_offset
TfPoseEstimator/Openpose/MConv_Stage1_L1_1_pointwise/BatchNorm/FusedBatchNorm
TfPoseEstimator/Openpose/MConv_Stage1_L1_1_pointwise/Relu
TfPoseEstimator/Openpose/MConv_Stage1_L1_2_depthwise/depthwise_weights
TfPoseEstimator/Openpose/MConv_Stage1_L1_2_pointwise/weights
TfPoseEstimator/Openpose/MConv_Stage1_L1_2_depthwise/depthwise
TfPoseEstimator/Openpose/MConv_Stage1_L1_2_pointwise/Conv2D
TfPoseEstimator/Openpose/MConv_Stage1_L1_2_pointwise/Conv2D_bn_offset
TfPoseEstimator/Openpose/MConv_Stage1_L1_2_pointwise/BatchNorm/FusedBatchNorm
TfPoseEstimator/Openpose/MConv_Stage1_L1_2_pointwise/Relu
TfPoseEstimator/Openpose/MConv_Stage1_L1_3_depthwise/depthwise_weights
TfPoseEstimator/Openpose/MConv_Stage1_L1_3_pointwise/weights
TfPoseEstimator/Openpose/MConv_Stage1_L1_3_depthwise/depthwise
TfPoseEstimator/Openpose/MConv_Stage1_L1_3_pointwise/Conv2D
TfPoseEstimator/Openpose/MConv_Stage1_L1_3_pointwise/Conv2D_bn_offset
TfPoseEstimator/Openpose/MConv_Stage1_L1_3_pointwise/BatchNorm/FusedBatchNorm
TfPoseEstimator/Openpose/MConv_Stage1_L1_3_pointwise/Relu
TfPoseEstimator/Openpose/MConv_Stage1_L1_4_depthwise/depthwise_weights
TfPoseEstimator/Openpose/MConv_Stage1_L1_4_pointwise/weights
TfPoseEstimator/Openpose/MConv_Stage1_L1_4_depthwise/depthwise
TfPoseEstimator/Openpose/MConv_Stage1_L1_4_pointwise/Conv2D
TfPoseEstimator/Openpose/MConv_Stage1_L1_4_pointwise/Conv2D_bn_offset
TfPoseEstimator/Openpose/MConv_Stage1_L1_4_pointwise/BatchNorm/FusedBatchNorm
TfPoseEstimator/Openpose/MConv_Stage1_L1_4_pointwise/Relu
TfPoseEstimator/Openpose/MConv_Stage1_L1_5_depthwise/depthwise_weights
TfPoseEstimator/Openpose/MConv_Stage1_L1_5_pointwise/weights
TfPoseEstimator/Openpose/MConv_Stage1_L1_5_depthwise/depthwise
TfPoseEstimator/Openpose/MConv_Stage1_L1_5_pointwise/Conv2D
TfPoseEstimator/Openpose/MConv_Stage1_L1_5_pointwise/Conv2D_bn_offset
TfPoseEstimator/Openpose/MConv_Stage1_L1_5_pointwise/BatchNorm/FusedBatchNorm
TfPoseEstimator/Openpose/MConv_Stage1_L2_1_depthwise/depthwise_weights
TfPoseEstimator/Openpose/MConv_Stage1_L2_1_pointwise/weights
TfPoseEstimator/Openpose/MConv_Stage1_L2_1_depthwise/depthwise
TfPoseEstimator/Openpose/MConv_Stage1_L2_1_pointwise/Conv2D
TfPoseEstimator/Openpose/MConv_Stage1_L2_1_pointwise/Conv2D_bn_offset
TfPoseEstimator/Openpose/MConv_Stage1_L2_1_pointwise/BatchNorm/FusedBatchNorm
TfPoseEstimator/Openpose/MConv_Stage1_L2_1_pointwise/Relu
TfPoseEstimator/Openpose/MConv_Stage1_L2_2_depthwise/depthwise_weights
TfPoseEstimator/Openpose/MConv_Stage1_L2_2_pointwise/weights
TfPoseEstimator/Openpose/MConv_Stage1_L2_2_depthwise/depthwise
TfPoseEstimator/Openpose/MConv_Stage1_L2_2_pointwise/Conv2D
TfPoseEstimator/Openpose/MConv_Stage1_L2_2_pointwise/Conv2D_bn_offset
TfPoseEstimator/Openpose/MConv_Stage1_L2_2_pointwise/BatchNorm/FusedBatchNorm
TfPoseEstimator/Openpose/MConv_Stage1_L2_2_pointwise/Relu
TfPoseEstimator/Openpose/MConv_Stage1_L2_3_depthwise/depthwise_weights
TfPoseEstimator/Openpose/MConv_Stage1_L2_3_pointwise/weights
TfPoseEstimator/Openpose/MConv_Stage1_L2_3_depthwise/depthwise
TfPoseEstimator/Openpose/MConv_Stage1_L2_3_pointwise/Conv2D
TfPoseEstimator/Openpose/MConv_Stage1_L2_3_pointwise/Conv2D_bn_offset
TfPoseEstimator/Openpose/MConv_Stage1_L2_3_pointwise/BatchNorm/FusedBatchNorm
TfPoseEstimator/Openpose/MConv_Stage1_L2_3_pointwise/Relu
TfPoseEstimator/Openpose/MConv_Stage1_L2_4_depthwise/depthwise_weights
TfPoseEstimator/Openpose/MConv_Stage1_L2_4_pointwise/weights
TfPoseEstimator/Openpose/MConv_Stage1_L2_4_depthwise/depthwise
TfPoseEstimator/Openpose/MConv_Stage1_L2_4_pointwise/Conv2D
TfPoseEstimator/Openpose/MConv_Stage1_L2_4_pointwise/Conv2D_bn_offset
TfPoseEstimator/Openpose/MConv_Stage1_L2_4_pointwise/BatchNorm/FusedBatchNorm
TfPoseEstimator/Openpose/MConv_Stage1_L2_4_pointwise/Relu
TfPoseEstimator/Openpose/MConv_Stage1_L2_5_depthwise/depthwise_weights
TfPoseEstimator/Openpose/MConv_Stage1_L2_5_pointwise/weights
TfPoseEstimator/Openpose/MConv_Stage1_L2_5_depthwise/depthwise
TfPoseEstimator/Openpose/MConv_Stage1_L2_5_pointwise/Conv2D
TfPoseEstimator/Openpose/MConv_Stage1_L2_5_pointwise/Conv2D_bn_offset
TfPoseEstimator/Openpose/MConv_Stage1_L2_5_pointwise/BatchNorm/FusedBatchNorm
TfPoseEstimator/Openpose/MConv_Stage2_concat/axis
TfPoseEstimator/Openpose/MConv_Stage2_concat
TfPoseEstimator/Openpose/MConv_Stage2_L1_1_depthwise/depthwise_weights
TfPoseEstimator/Openpose/MConv_Stage2_L1_1_pointwise/weights
TfPoseEstimator/Openpose/MConv_Stage2_L1_1_depthwise/depthwise
TfPoseEstimator/Openpose/MConv_Stage2_L1_1_pointwise/Conv2D
TfPoseEstimator/Openpose/MConv_Stage2_L1_1_pointwise/Conv2D_bn_offset
TfPoseEstimator/Openpose/MConv_Stage2_L1_1_pointwise/BatchNorm/FusedBatchNorm
TfPoseEstimator/Openpose/MConv_Stage2_L1_1_pointwise/Relu
TfPoseEstimator/Openpose/MConv_Stage2_L1_2_depthwise/depthwise_weights
TfPoseEstimator/Openpose/MConv_Stage2_L1_2_pointwise/weights
TfPoseEstimator/Openpose/MConv_Stage2_L1_2_depthwise/depthwise
TfPoseEstimator/Openpose/MConv_Stage2_L1_2_pointwise/Conv2D
TfPoseEstimator/Openpose/MConv_Stage2_L1_2_pointwise/Conv2D_bn_offset
TfPoseEstimator/Openpose/MConv_Stage2_L1_2_pointwise/BatchNorm/FusedBatchNorm
TfPoseEstimator/Openpose/MConv_Stage2_L1_2_pointwise/Relu
TfPoseEstimator/Openpose/MConv_Stage2_L1_3_depthwise/depthwise_weights
TfPoseEstimator/Openpose/MConv_Stage2_L1_3_pointwise/weights
TfPoseEstimator/Openpose/MConv_Stage2_L1_3_depthwise/depthwise
TfPoseEstimator/Openpose/MConv_Stage2_L1_3_pointwise/Conv2D
TfPoseEstimator/Openpose/MConv_Stage2_L1_3_pointwise/Conv2D_bn_offset
TfPoseEstimator/Openpose/MConv_Stage2_L1_3_pointwise/BatchNorm/FusedBatchNorm
TfPoseEstimator/Openpose/MConv_Stage2_L1_3_pointwise/Relu
TfPoseEstimator/Openpose/MConv_Stage2_L1_4_depthwise/depthwise_weights
TfPoseEstimator/Openpose/MConv_Stage2_L1_4_pointwise/weights
TfPoseEstimator/Openpose/MConv_Stage2_L1_4_depthwise/depthwise
TfPoseEstimator/Openpose/MConv_Stage2_L1_4_pointwise/Conv2D
TfPoseEstimator/Openpose/MConv_Stage2_L1_4_pointwise/Conv2D_bn_offset
TfPoseEstimator/Openpose/MConv_Stage2_L1_4_pointwise/BatchNorm/FusedBatchNorm
TfPoseEstimator/Openpose/MConv_Stage2_L1_4_pointwise/Relu
TfPoseEstimator/Openpose/MConv_Stage2_L1_5_depthwise/depthwise_weights
TfPoseEstimator/Openpose/MConv_Stage2_L1_5_pointwise/weights
TfPoseEstimator/Openpose/MConv_Stage2_L1_5_depthwise/depthwise
TfPoseEstimator/Openpose/MConv_Stage2_L1_5_pointwise/Conv2D
TfPoseEstimator/Openpose/MConv_Stage2_L1_5_pointwise/Conv2D_bn_offset
TfPoseEstimator/Openpose/MConv_Stage2_L1_5_pointwise/BatchNorm/FusedBatchNorm
TfPoseEstimator/Openpose/MConv_Stage2_L2_1_depthwise/depthwise_weights
TfPoseEstimator/Openpose/MConv_Stage2_L2_1_pointwise/weights
TfPoseEstimator/Openpose/MConv_Stage2_L2_1_depthwise/depthwise
TfPoseEstimator/Openpose/MConv_Stage2_L2_1_pointwise/Conv2D
TfPoseEstimator/Openpose/MConv_Stage2_L2_1_pointwise/Conv2D_bn_offset
TfPoseEstimator/Openpose/MConv_Stage2_L2_1_pointwise/BatchNorm/FusedBatchNorm
TfPoseEstimator/Openpose/MConv_Stage2_L2_1_pointwise/Relu
TfPoseEstimator/Openpose/MConv_Stage2_L2_2_depthwise/depthwise_weights
TfPoseEstimator/Openpose/MConv_Stage2_L2_2_pointwise/weights
TfPoseEstimator/Openpose/MConv_Stage2_L2_2_depthwise/depthwise
TfPoseEstimator/Openpose/MConv_Stage2_L2_2_pointwise/Conv2D
TfPoseEstimator/Openpose/MConv_Stage2_L2_2_pointwise/Conv2D_bn_offset
TfPoseEstimator/Openpose/MConv_Stage2_L2_2_pointwise/BatchNorm/FusedBatchNorm
TfPoseEstimator/Openpose/MConv_Stage2_L2_2_pointwise/Relu
TfPoseEstimator/Openpose/MConv_Stage2_L2_3_depthwise/depthwise_weights
TfPoseEstimator/Openpose/MConv_Stage2_L2_3_pointwise/weights
TfPoseEstimator/Openpose/MConv_Stage2_L2_3_depthwise/depthwise
TfPoseEstimator/Openpose/MConv_Stage2_L2_3_pointwise/Conv2D
TfPoseEstimator/Openpose/MConv_Stage2_L2_3_pointwise/Conv2D_bn_offset
TfPoseEstimator/Openpose/MConv_Stage2_L2_3_pointwise/BatchNorm/FusedBatchNorm
TfPoseEstimator/Openpose/MConv_Stage2_L2_3_pointwise/Relu
TfPoseEstimator/Openpose/MConv_Stage2_L2_4_depthwise/depthwise_weights
TfPoseEstimator/Openpose/MConv_Stage2_L2_4_pointwise/weights
TfPoseEstimator/Openpose/MConv_Stage2_L2_4_depthwise/depthwise
TfPoseEstimator/Openpose/MConv_Stage2_L2_4_pointwise/Conv2D
TfPoseEstimator/Openpose/MConv_Stage2_L2_4_pointwise/Conv2D_bn_offset
TfPoseEstimator/Openpose/MConv_Stage2_L2_4_pointwise/BatchNorm/FusedBatchNorm
TfPoseEstimator/Openpose/MConv_Stage2_L2_4_pointwise/Relu
TfPoseEstimator/Openpose/MConv_Stage2_L2_5_depthwise/depthwise_weights
TfPoseEstimator/Openpose/MConv_Stage2_L2_5_pointwise/weights
TfPoseEstimator/Openpose/MConv_Stage2_L2_5_depthwise/depthwise
TfPoseEstimator/Openpose/MConv_Stage2_L2_5_pointwise/Conv2D
TfPoseEstimator/Openpose/MConv_Stage2_L2_5_pointwise/Conv2D_bn_offset
TfPoseEstimator/Openpose/MConv_Stage2_L2_5_pointwise/BatchNorm/FusedBatchNorm
TfPoseEstimator/Openpose/MConv_Stage3_concat/axis
TfPoseEstimator/Openpose/MConv_Stage3_concat
TfPoseEstimator/Openpose/MConv_Stage3_L1_1_depthwise/depthwise_weights
TfPoseEstimator/Openpose/MConv_Stage3_L1_1_pointwise/weights
TfPoseEstimator/Openpose/MConv_Stage3_L1_1_depthwise/depthwise
TfPoseEstimator/Openpose/MConv_Stage3_L1_1_pointwise/Conv2D
TfPoseEstimator/Openpose/MConv_Stage3_L1_1_pointwise/Conv2D_bn_offset
TfPoseEstimator/Openpose/MConv_Stage3_L1_1_pointwise/BatchNorm/FusedBatchNorm
TfPoseEstimator/Openpose/MConv_Stage3_L1_1_pointwise/Relu
TfPoseEstimator/Openpose/MConv_Stage3_L1_2_depthwise/depthwise_weights
TfPoseEstimator/Openpose/MConv_Stage3_L1_2_pointwise/weights
TfPoseEstimator/Openpose/MConv_Stage3_L1_2_depthwise/depthwise
TfPoseEstimator/Openpose/MConv_Stage3_L1_2_pointwise/Conv2D
TfPoseEstimator/Openpose/MConv_Stage3_L1_2_pointwise/Conv2D_bn_offset
TfPoseEstimator/Openpose/MConv_Stage3_L1_2_pointwise/BatchNorm/FusedBatchNorm
TfPoseEstimator/Openpose/MConv_Stage3_L1_2_pointwise/Relu
TfPoseEstimator/Openpose/MConv_Stage3_L1_3_depthwise/depthwise_weights
TfPoseEstimator/Openpose/MConv_Stage3_L1_3_pointwise/weights
TfPoseEstimator/Openpose/MConv_Stage3_L1_3_depthwise/depthwise
TfPoseEstimator/Openpose/MConv_Stage3_L1_3_pointwise/Conv2D
TfPoseEstimator/Openpose/MConv_Stage3_L1_3_pointwise/Conv2D_bn_offset
TfPoseEstimator/Openpose/MConv_Stage3_L1_3_pointwise/BatchNorm/FusedBatchNorm
TfPoseEstimator/Openpose/MConv_Stage3_L1_3_pointwise/Relu
TfPoseEstimator/Openpose/MConv_Stage3_L1_4_depthwise/depthwise_weights
TfPoseEstimator/Openpose/MConv_Stage3_L1_4_pointwise/weights
TfPoseEstimator/Openpose/MConv_Stage3_L1_4_depthwise/depthwise
TfPoseEstimator/Openpose/MConv_Stage3_L1_4_pointwise/Conv2D
TfPoseEstimator/Openpose/MConv_Stage3_L1_4_pointwise/Conv2D_bn_offset
TfPoseEstimator/Openpose/MConv_Stage3_L1_4_pointwise/BatchNorm/FusedBatchNorm
TfPoseEstimator/Openpose/MConv_Stage3_L1_4_pointwise/Relu
TfPoseEstimator/Openpose/MConv_Stage3_L1_5_depthwise/depthwise_weights
TfPoseEstimator/Openpose/MConv_Stage3_L1_5_pointwise/weights
TfPoseEstimator/Openpose/MConv_Stage3_L1_5_depthwise/depthwise
TfPoseEstimator/Openpose/MConv_Stage3_L1_5_pointwise/Conv2D
TfPoseEstimator/Openpose/MConv_Stage3_L1_5_pointwise/Conv2D_bn_offset
TfPoseEstimator/Openpose/MConv_Stage3_L1_5_pointwise/BatchNorm/FusedBatchNorm
TfPoseEstimator/Openpose/MConv_Stage3_L2_1_depthwise/depthwise_weights
TfPoseEstimator/Openpose/MConv_Stage3_L2_1_pointwise/weights
TfPoseEstimator/Openpose/MConv_Stage3_L2_1_depthwise/depthwise
TfPoseEstimator/Openpose/MConv_Stage3_L2_1_pointwise/Conv2D
TfPoseEstimator/Openpose/MConv_Stage3_L2_1_pointwise/Conv2D_bn_offset
TfPoseEstimator/Openpose/MConv_Stage3_L2_1_pointwise/BatchNorm/FusedBatchNorm
TfPoseEstimator/Openpose/MConv_Stage3_L2_1_pointwise/Relu
TfPoseEstimator/Openpose/MConv_Stage3_L2_2_depthwise/depthwise_weights
TfPoseEstimator/Openpose/MConv_Stage3_L2_2_pointwise/weights
TfPoseEstimator/Openpose/MConv_Stage3_L2_2_depthwise/depthwise
TfPoseEstimator/Openpose/MConv_Stage3_L2_2_pointwise/Conv2D
TfPoseEstimator/Openpose/MConv_Stage3_L2_2_pointwise/Conv2D_bn_offset
TfPoseEstimator/Openpose/MConv_Stage3_L2_2_pointwise/BatchNorm/FusedBatchNorm
TfPoseEstimator/Openpose/MConv_Stage3_L2_2_pointwise/Relu
TfPoseEstimator/Openpose/MConv_Stage3_L2_3_depthwise/depthwise_weights
TfPoseEstimator/Openpose/MConv_Stage3_L2_3_pointwise/weights
TfPoseEstimator/Openpose/MConv_Stage3_L2_3_depthwise/depthwise
TfPoseEstimator/Openpose/MConv_Stage3_L2_3_pointwise/Conv2D
TfPoseEstimator/Openpose/MConv_Stage3_L2_3_pointwise/Conv2D_bn_offset
TfPoseEstimator/Openpose/MConv_Stage3_L2_3_pointwise/BatchNorm/FusedBatchNorm
TfPoseEstimator/Openpose/MConv_Stage3_L2_3_pointwise/Relu
TfPoseEstimator/Openpose/MConv_Stage3_L2_4_depthwise/depthwise_weights
TfPoseEstimator/Openpose/MConv_Stage3_L2_4_pointwise/weights
TfPoseEstimator/Openpose/MConv_Stage3_L2_4_depthwise/depthwise
TfPoseEstimator/Openpose/MConv_Stage3_L2_4_pointwise/Conv2D
TfPoseEstimator/Openpose/MConv_Stage3_L2_4_pointwise/Conv2D_bn_offset
TfPoseEstimator/Openpose/MConv_Stage3_L2_4_pointwise/BatchNorm/FusedBatchNorm
TfPoseEstimator/Openpose/MConv_Stage3_L2_4_pointwise/Relu
TfPoseEstimator/Openpose/MConv_Stage3_L2_5_depthwise/depthwise_weights
TfPoseEstimator/Openpose/MConv_Stage3_L2_5_pointwise/weights
TfPoseEstimator/Openpose/MConv_Stage3_L2_5_depthwise/depthwise
TfPoseEstimator/Openpose/MConv_Stage3_L2_5_pointwise/Conv2D
TfPoseEstimator/Openpose/MConv_Stage3_L2_5_pointwise/Conv2D_bn_offset
TfPoseEstimator/Openpose/MConv_Stage3_L2_5_pointwise/BatchNorm/FusedBatchNorm
TfPoseEstimator/Openpose/MConv_Stage4_concat/axis
TfPoseEstimator/Openpose/MConv_Stage4_concat
TfPoseEstimator/Openpose/MConv_Stage4_L1_1_depthwise/depthwise_weights
TfPoseEstimator/Openpose/MConv_Stage4_L1_1_pointwise/weights
TfPoseEstimator/Openpose/MConv_Stage4_L1_1_depthwise/depthwise
TfPoseEstimator/Openpose/MConv_Stage4_L1_1_pointwise/Conv2D
TfPoseEstimator/Openpose/MConv_Stage4_L1_1_pointwise/Conv2D_bn_offset
TfPoseEstimator/Openpose/MConv_Stage4_L1_1_pointwise/BatchNorm/FusedBatchNorm
TfPoseEstimator/Openpose/MConv_Stage4_L1_1_pointwise/Relu
TfPoseEstimator/Openpose/MConv_Stage4_L1_2_depthwise/depthwise_weights
TfPoseEstimator/Openpose/MConv_Stage4_L1_2_pointwise/weights
TfPoseEstimator/Openpose/MConv_Stage4_L1_2_depthwise/depthwise
TfPoseEstimator/Openpose/MConv_Stage4_L1_2_pointwise/Conv2D
TfPoseEstimator/Openpose/MConv_Stage4_L1_2_pointwise/Conv2D_bn_offset
TfPoseEstimator/Openpose/MConv_Stage4_L1_2_pointwise/BatchNorm/FusedBatchNorm
TfPoseEstimator/Openpose/MConv_Stage4_L1_2_pointwise/Relu
TfPoseEstimator/Openpose/MConv_Stage4_L1_3_depthwise/depthwise_weights
TfPoseEstimator/Openpose/MConv_Stage4_L1_3_pointwise/weights
TfPoseEstimator/Openpose/MConv_Stage4_L1_3_depthwise/depthwise
TfPoseEstimator/Openpose/MConv_Stage4_L1_3_pointwise/Conv2D
TfPoseEstimator/Openpose/MConv_Stage4_L1_3_pointwise/Conv2D_bn_offset
TfPoseEstimator/Openpose/MConv_Stage4_L1_3_pointwise/BatchNorm/FusedBatchNorm
TfPoseEstimator/Openpose/MConv_Stage4_L1_3_pointwise/Relu
TfPoseEstimator/Openpose/MConv_Stage4_L1_4_depthwise/depthwise_weights
TfPoseEstimator/Openpose/MConv_Stage4_L1_4_pointwise/weights
TfPoseEstimator/Openpose/MConv_Stage4_L1_4_depthwise/depthwise
TfPoseEstimator/Openpose/MConv_Stage4_L1_4_pointwise/Conv2D
TfPoseEstimator/Openpose/MConv_Stage4_L1_4_pointwise/Conv2D_bn_offset
TfPoseEstimator/Openpose/MConv_Stage4_L1_4_pointwise/BatchNorm/FusedBatchNorm
TfPoseEstimator/Openpose/MConv_Stage4_L1_4_pointwise/Relu
TfPoseEstimator/Openpose/MConv_Stage4_L1_5_depthwise/depthwise_weights
TfPoseEstimator/Openpose/MConv_Stage4_L1_5_pointwise/weights
TfPoseEstimator/Openpose/MConv_Stage4_L1_5_depthwise/depthwise
TfPoseEstimator/Openpose/MConv_Stage4_L1_5_pointwise/Conv2D
TfPoseEstimator/Openpose/MConv_Stage4_L1_5_pointwise/Conv2D_bn_offset
TfPoseEstimator/Openpose/MConv_Stage4_L1_5_pointwise/BatchNorm/FusedBatchNorm
TfPoseEstimator/Openpose/MConv_Stage4_L2_1_depthwise/depthwise_weights
TfPoseEstimator/Openpose/MConv_Stage4_L2_1_pointwise/weights
TfPoseEstimator/Openpose/MConv_Stage4_L2_1_depthwise/depthwise
TfPoseEstimator/Openpose/MConv_Stage4_L2_1_pointwise/Conv2D
TfPoseEstimator/Openpose/MConv_Stage4_L2_1_pointwise/Conv2D_bn_offset
TfPoseEstimator/Openpose/MConv_Stage4_L2_1_pointwise/BatchNorm/FusedBatchNorm
TfPoseEstimator/Openpose/MConv_Stage4_L2_1_pointwise/Relu
TfPoseEstimator/Openpose/MConv_Stage4_L2_2_depthwise/depthwise_weights
TfPoseEstimator/Openpose/MConv_Stage4_L2_2_pointwise/weights
TfPoseEstimator/Openpose/MConv_Stage4_L2_2_depthwise/depthwise
TfPoseEstimator/Openpose/MConv_Stage4_L2_2_pointwise/Conv2D
TfPoseEstimator/Openpose/MConv_Stage4_L2_2_pointwise/Conv2D_bn_offset
TfPoseEstimator/Openpose/MConv_Stage4_L2_2_pointwise/BatchNorm/FusedBatchNorm
TfPoseEstimator/Openpose/MConv_Stage4_L2_2_pointwise/Relu
TfPoseEstimator/Openpose/MConv_Stage4_L2_3_depthwise/depthwise_weights
TfPoseEstimator/Openpose/MConv_Stage4_L2_3_pointwise/weights
TfPoseEstimator/Openpose/MConv_Stage4_L2_3_depthwise/depthwise
TfPoseEstimator/Openpose/MConv_Stage4_L2_3_pointwise/Conv2D
TfPoseEstimator/Openpose/MConv_Stage4_L2_3_pointwise/Conv2D_bn_offset
TfPoseEstimator/Openpose/MConv_Stage4_L2_3_pointwise/BatchNorm/FusedBatchNorm
TfPoseEstimator/Openpose/MConv_Stage4_L2_3_pointwise/Relu
TfPoseEstimator/Openpose/MConv_Stage4_L2_4_depthwise/depthwise_weights
TfPoseEstimator/Openpose/MConv_Stage4_L2_4_pointwise/weights
TfPoseEstimator/Openpose/MConv_Stage4_L2_4_depthwise/depthwise
TfPoseEstimator/Openpose/MConv_Stage4_L2_4_pointwise/Conv2D
TfPoseEstimator/Openpose/MConv_Stage4_L2_4_pointwise/Conv2D_bn_offset
TfPoseEstimator/Openpose/MConv_Stage4_L2_4_pointwise/BatchNorm/FusedBatchNorm
TfPoseEstimator/Openpose/MConv_Stage4_L2_4_pointwise/Relu
TfPoseEstimator/Openpose/MConv_Stage4_L2_5_depthwise/depthwise_weights
TfPoseEstimator/Openpose/MConv_Stage4_L2_5_pointwise/weights
TfPoseEstimator/Openpose/MConv_Stage4_L2_5_depthwise/depthwise
TfPoseEstimator/Openpose/MConv_Stage4_L2_5_pointwise/Conv2D
TfPoseEstimator/Openpose/MConv_Stage4_L2_5_pointwise/Conv2D_bn_offset
TfPoseEstimator/Openpose/MConv_Stage4_L2_5_pointwise/BatchNorm/FusedBatchNorm
TfPoseEstimator/Openpose/MConv_Stage5_concat/axis
TfPoseEstimator/Openpose/MConv_Stage5_concat
TfPoseEstimator/Openpose/MConv_Stage5_L1_1_depthwise/depthwise_weights
TfPoseEstimator/Openpose/MConv_Stage5_L1_1_pointwise/weights
TfPoseEstimator/Openpose/MConv_Stage5_L1_1_depthwise/depthwise
TfPoseEstimator/Openpose/MConv_Stage5_L1_1_pointwise/Conv2D
TfPoseEstimator/Openpose/MConv_Stage5_L1_1_pointwise/Conv2D_bn_offset
TfPoseEstimator/Openpose/MConv_Stage5_L1_1_pointwise/BatchNorm/FusedBatchNorm
TfPoseEstimator/Openpose/MConv_Stage5_L1_1_pointwise/Relu
TfPoseEstimator/Openpose/MConv_Stage5_L1_2_depthwise/depthwise_weights
TfPoseEstimator/Openpose/MConv_Stage5_L1_2_pointwise/weights
TfPoseEstimator/Openpose/MConv_Stage5_L1_2_depthwise/depthwise
TfPoseEstimator/Openpose/MConv_Stage5_L1_2_pointwise/Conv2D
TfPoseEstimator/Openpose/MConv_Stage5_L1_2_pointwise/Conv2D_bn_offset
TfPoseEstimator/Openpose/MConv_Stage5_L1_2_pointwise/BatchNorm/FusedBatchNorm
TfPoseEstimator/Openpose/MConv_Stage5_L1_2_pointwise/Relu
TfPoseEstimator/Openpose/MConv_Stage5_L1_3_depthwise/depthwise_weights
TfPoseEstimator/Openpose/MConv_Stage5_L1_3_pointwise/weights
TfPoseEstimator/Openpose/MConv_Stage5_L1_3_depthwise/depthwise
TfPoseEstimator/Openpose/MConv_Stage5_L1_3_pointwise/Conv2D
TfPoseEstimator/Openpose/MConv_Stage5_L1_3_pointwise/Conv2D_bn_offset
TfPoseEstimator/Openpose/MConv_Stage5_L1_3_pointwise/BatchNorm/FusedBatchNorm
TfPoseEstimator/Openpose/MConv_Stage5_L1_3_pointwise/Relu
TfPoseEstimator/Openpose/MConv_Stage5_L1_4_depthwise/depthwise_weights
TfPoseEstimator/Openpose/MConv_Stage5_L1_4_pointwise/weights
TfPoseEstimator/Openpose/MConv_Stage5_L1_4_depthwise/depthwise
TfPoseEstimator/Openpose/MConv_Stage5_L1_4_pointwise/Conv2D
TfPoseEstimator/Openpose/MConv_Stage5_L1_4_pointwise/Conv2D_bn_offset
TfPoseEstimator/Openpose/MConv_Stage5_L1_4_pointwise/BatchNorm/FusedBatchNorm
TfPoseEstimator/Openpose/MConv_Stage5_L1_4_pointwise/Relu
TfPoseEstimator/Openpose/MConv_Stage5_L1_5_depthwise/depthwise_weights
TfPoseEstimator/Openpose/MConv_Stage5_L1_5_pointwise/weights
TfPoseEstimator/Openpose/MConv_Stage5_L1_5_depthwise/depthwise
TfPoseEstimator/Openpose/MConv_Stage5_L1_5_pointwise/Conv2D
TfPoseEstimator/Openpose/MConv_Stage5_L1_5_pointwise/Conv2D_bn_offset
TfPoseEstimator/Openpose/MConv_Stage5_L1_5_pointwise/BatchNorm/FusedBatchNorm
TfPoseEstimator/Openpose/MConv_Stage5_L2_1_depthwise/depthwise_weights
TfPoseEstimator/Openpose/MConv_Stage5_L2_1_pointwise/weights
TfPoseEstimator/Openpose/MConv_Stage5_L2_1_depthwise/depthwise
TfPoseEstimator/Openpose/MConv_Stage5_L2_1_pointwise/Conv2D
TfPoseEstimator/Openpose/MConv_Stage5_L2_1_pointwise/Conv2D_bn_offset
TfPoseEstimator/Openpose/MConv_Stage5_L2_1_pointwise/BatchNorm/FusedBatchNorm
TfPoseEstimator/Openpose/MConv_Stage5_L2_1_pointwise/Relu
TfPoseEstimator/Openpose/MConv_Stage5_L2_2_depthwise/depthwise_weights
TfPoseEstimator/Openpose/MConv_Stage5_L2_2_pointwise/weights
TfPoseEstimator/Openpose/MConv_Stage5_L2_2_depthwise/depthwise
TfPoseEstimator/Openpose/MConv_Stage5_L2_2_pointwise/Conv2D
TfPoseEstimator/Openpose/MConv_Stage5_L2_2_pointwise/Conv2D_bn_offset
TfPoseEstimator/Openpose/MConv_Stage5_L2_2_pointwise/BatchNorm/FusedBatchNorm
TfPoseEstimator/Openpose/MConv_Stage5_L2_2_pointwise/Relu
TfPoseEstimator/Openpose/MConv_Stage5_L2_3_depthwise/depthwise_weights
TfPoseEstimator/Openpose/MConv_Stage5_L2_3_pointwise/weights
TfPoseEstimator/Openpose/MConv_Stage5_L2_3_depthwise/depthwise
TfPoseEstimator/Openpose/MConv_Stage5_L2_3_pointwise/Conv2D
TfPoseEstimator/Openpose/MConv_Stage5_L2_3_pointwise/Conv2D_bn_offset
TfPoseEstimator/Openpose/MConv_Stage5_L2_3_pointwise/BatchNorm/FusedBatchNorm
TfPoseEstimator/Openpose/MConv_Stage5_L2_3_pointwise/Relu
TfPoseEstimator/Openpose/MConv_Stage5_L2_4_depthwise/depthwise_weights
TfPoseEstimator/Openpose/MConv_Stage5_L2_4_pointwise/weights
TfPoseEstimator/Openpose/MConv_Stage5_L2_4_depthwise/depthwise
TfPoseEstimator/Openpose/MConv_Stage5_L2_4_pointwise/Conv2D
TfPoseEstimator/Openpose/MConv_Stage5_L2_4_pointwise/Conv2D_bn_offset
TfPoseEstimator/Openpose/MConv_Stage5_L2_4_pointwise/BatchNorm/FusedBatchNorm
TfPoseEstimator/Openpose/MConv_Stage5_L2_4_pointwise/Relu
TfPoseEstimator/Openpose/MConv_Stage5_L2_5_depthwise/depthwise_weights
TfPoseEstimator/Openpose/MConv_Stage5_L2_5_pointwise/weights
TfPoseEstimator/Openpose/MConv_Stage5_L2_5_depthwise/depthwise
TfPoseEstimator/Openpose/MConv_Stage5_L2_5_pointwise/Conv2D
TfPoseEstimator/Openpose/MConv_Stage5_L2_5_pointwise/Conv2D_bn_offset
TfPoseEstimator/Openpose/MConv_Stage5_L2_5_pointwise/BatchNorm/FusedBatchNorm
TfPoseEstimator/Openpose/MConv_Stage6_concat/axis
TfPoseEstimator/Openpose/MConv_Stage6_concat
TfPoseEstimator/Openpose/MConv_Stage6_L1_1_depthwise/depthwise_weights
TfPoseEstimator/Openpose/MConv_Stage6_L1_1_pointwise/weights
TfPoseEstimator/Openpose/MConv_Stage6_L1_1_depthwise/depthwise
TfPoseEstimator/Openpose/MConv_Stage6_L1_1_pointwise/Conv2D
TfPoseEstimator/Openpose/MConv_Stage6_L1_1_pointwise/Conv2D_bn_offset
TfPoseEstimator/Openpose/MConv_Stage6_L1_1_pointwise/BatchNorm/FusedBatchNorm
TfPoseEstimator/Openpose/MConv_Stage6_L1_1_pointwise/Relu
TfPoseEstimator/Openpose/MConv_Stage6_L1_2_depthwise/depthwise_weights
TfPoseEstimator/Openpose/MConv_Stage6_L1_2_pointwise/weights
TfPoseEstimator/Openpose/MConv_Stage6_L1_2_depthwise/depthwise
TfPoseEstimator/Openpose/MConv_Stage6_L1_2_pointwise/Conv2D
TfPoseEstimator/Openpose/MConv_Stage6_L1_2_pointwise/Conv2D_bn_offset
TfPoseEstimator/Openpose/MConv_Stage6_L1_2_pointwise/BatchNorm/FusedBatchNorm
TfPoseEstimator/Openpose/MConv_Stage6_L1_2_pointwise/Relu
TfPoseEstimator/Openpose/MConv_Stage6_L1_3_depthwise/depthwise_weights
TfPoseEstimator/Openpose/MConv_Stage6_L1_3_pointwise/weights
TfPoseEstimator/Openpose/MConv_Stage6_L1_3_depthwise/depthwise
TfPoseEstimator/Openpose/MConv_Stage6_L1_3_pointwise/Conv2D
TfPoseEstimator/Openpose/MConv_Stage6_L1_3_pointwise/Conv2D_bn_offset
TfPoseEstimator/Openpose/MConv_Stage6_L1_3_pointwise/BatchNorm/FusedBatchNorm
TfPoseEstimator/Openpose/MConv_Stage6_L1_3_pointwise/Relu
TfPoseEstimator/Openpose/MConv_Stage6_L1_4_depthwise/depthwise_weights
TfPoseEstimator/Openpose/MConv_Stage6_L1_4_pointwise/weights
TfPoseEstimator/Openpose/MConv_Stage6_L1_4_depthwise/depthwise
TfPoseEstimator/Openpose/MConv_Stage6_L1_4_pointwise/Conv2D
TfPoseEstimator/Openpose/MConv_Stage6_L1_4_pointwise/Conv2D_bn_offset
TfPoseEstimator/Openpose/MConv_Stage6_L1_4_pointwise/BatchNorm/FusedBatchNorm
TfPoseEstimator/Openpose/MConv_Stage6_L1_4_pointwise/Relu
TfPoseEstimator/Openpose/MConv_Stage6_L1_5_depthwise/depthwise_weights
TfPoseEstimator/Openpose/MConv_Stage6_L1_5_pointwise/weights
TfPoseEstimator/Openpose/MConv_Stage6_L1_5_depthwise/depthwise
TfPoseEstimator/Openpose/MConv_Stage6_L1_5_pointwise/Conv2D
TfPoseEstimator/Openpose/MConv_Stage6_L1_5_pointwise/Conv2D_bn_offset
TfPoseEstimator/Openpose/MConv_Stage6_L1_5_pointwise/BatchNorm/FusedBatchNorm
TfPoseEstimator/Openpose/MConv_Stage6_L2_1_depthwise/depthwise_weights
TfPoseEstimator/Openpose/MConv_Stage6_L2_1_pointwise/weights
TfPoseEstimator/Openpose/MConv_Stage6_L2_1_depthwise/depthwise
TfPoseEstimator/Openpose/MConv_Stage6_L2_1_pointwise/Conv2D
TfPoseEstimator/Openpose/MConv_Stage6_L2_1_pointwise/Conv2D_bn_offset
TfPoseEstimator/Openpose/MConv_Stage6_L2_1_pointwise/BatchNorm/FusedBatchNorm
TfPoseEstimator/Openpose/MConv_Stage6_L2_1_pointwise/Relu
TfPoseEstimator/Openpose/MConv_Stage6_L2_2_depthwise/depthwise_weights
TfPoseEstimator/Openpose/MConv_Stage6_L2_2_pointwise/weights
TfPoseEstimator/Openpose/MConv_Stage6_L2_2_depthwise/depthwise
TfPoseEstimator/Openpose/MConv_Stage6_L2_2_pointwise/Conv2D
TfPoseEstimator/Openpose/MConv_Stage6_L2_2_pointwise/Conv2D_bn_offset
TfPoseEstimator/Openpose/MConv_Stage6_L2_2_pointwise/BatchNorm/FusedBatchNorm
TfPoseEstimator/Openpose/MConv_Stage6_L2_2_pointwise/Relu
TfPoseEstimator/Openpose/MConv_Stage6_L2_3_depthwise/depthwise_weights
TfPoseEstimator/Openpose/MConv_Stage6_L2_3_pointwise/weights
TfPoseEstimator/Openpose/MConv_Stage6_L2_3_depthwise/depthwise
TfPoseEstimator/Openpose/MConv_Stage6_L2_3_pointwise/Conv2D
TfPoseEstimator/Openpose/MConv_Stage6_L2_3_pointwise/Conv2D_bn_offset
TfPoseEstimator/Openpose/MConv_Stage6_L2_3_pointwise/BatchNorm/FusedBatchNorm
TfPoseEstimator/Openpose/MConv_Stage6_L2_3_pointwise/Relu
TfPoseEstimator/Openpose/MConv_Stage6_L2_4_depthwise/depthwise_weights
TfPoseEstimator/Openpose/MConv_Stage6_L2_4_pointwise/weights
TfPoseEstimator/Openpose/MConv_Stage6_L2_4_depthwise/depthwise
TfPoseEstimator/Openpose/MConv_Stage6_L2_4_pointwise/Conv2D
TfPoseEstimator/Openpose/MConv_Stage6_L2_4_pointwise/Conv2D_bn_offset
TfPoseEstimator/Openpose/MConv_Stage6_L2_4_pointwise/BatchNorm/FusedBatchNorm
TfPoseEstimator/Openpose/MConv_Stage6_L2_4_pointwise/Relu
TfPoseEstimator/Openpose/MConv_Stage6_L2_5_depthwise/depthwise_weights
TfPoseEstimator/Openpose/MConv_Stage6_L2_5_pointwise/weights
TfPoseEstimator/Openpose/MConv_Stage6_L2_5_depthwise/depthwise
TfPoseEstimator/Openpose/MConv_Stage6_L2_5_pointwise/Conv2D
TfPoseEstimator/Openpose/MConv_Stage6_L2_5_pointwise/Conv2D_bn_offset
TfPoseEstimator/Openpose/MConv_Stage6_L2_5_pointwise/BatchNorm/FusedBatchNorm
TfPoseEstimator/Openpose/concat_stage7/axis
TfPoseEstimator/Openpose/concat_stage7
Human is one
Left Wrist: (0.31521739130434784,0.5833333333333334)
Rigt Wrist: (0.31521739130434784,0.35185185185185186)
Left Elbow: (0.391304347826087,0.5925925925925926)
Right Elbow: (0.391304347826087,0.35185185185185186)
Nose: (0.32608695652173914,0.4722222222222222)
Human is blocking face
Human is one
Left Wrist: (0.32608695652173914,0.5833333333333334)
Rigt Wrist: (0.31521739130434784,0.35185185185185186)
Left Elbow: (0.40217391304347827,0.5833333333333334)
Right Elbow: (0.391304347826087,0.3611111111111111)
Nose: (0.32608695652173914,0.4722222222222222)
Human is one
Left Wrist: (0.32608695652173914,0.5925925925925926)
Rigt Wrist: (0.31521739130434784,0.35185185185185186)
Left Elbow: (0.40217391304347827,0.5925925925925926)
Right Elbow: (0.391304347826087,0.35185185185185186)
Nose: (0.32608695652173914,0.4722222222222222)
Human is one
Left Wrist: (0.32608695652173914,0.5925925925925926)
Rigt Wrist: (0.31521739130434784,0.35185185185185186)
Left Elbow: (0.391304347826087,0.5925925925925926)
Right Elbow: (0.3804347826086957,0.35185185185185186)
Nose: (0.32608695652173914,0.4722222222222222)
Human is one
Left Wrist: (0.32608695652173914,0.5833333333333334)
Rigt Wrist: (0.31521739130434784,0.35185185185185186)
Left Elbow: (0.391304347826087,0.5925925925925926)
Right Elbow: (0.391304347826087,0.35185185185185186)
Nose: (0.32608695652173914,0.4722222222222222)
Human is one
Left Wrist: (0.31521739130434784,0.5833333333333334)
Rigt Wrist: (0.31521739130434784,0.35185185185185186)
Left Elbow: (0.391304347826087,0.5925925925925926)
Right Elbow: (0.3804347826086957,0.35185185185185186)
Nose: (0.32608695652173914,0.4722222222222222)
Human is blocking face
Human is one
Left Wrist: (0.32608695652173914,0.5833333333333334)
Rigt Wrist: (0.31521739130434784,0.3611111111111111)
Left Elbow: (0.391304347826087,0.5925925925925926)
Right Elbow: (0.3804347826086957,0.35185185185185186)
Nose: (0.32608695652173914,0.4722222222222222)
Human is one
Left Wrist: (0.31521739130434784,0.5925925925925926)
Rigt Wrist: (0.31521739130434784,0.3611111111111111)
Left Elbow: (0.391304347826087,0.5925925925925926)
Right Elbow: (0.3804347826086957,0.35185185185185186)
Nose: (0.32608695652173914,0.4722222222222222)
Human is blocking face
Human is one
Left Wrist: (0.31521739130434784,0.5925925925925926)
Rigt Wrist: (0.30434782608695654,0.3611111111111111)
Left Elbow: (0.391304347826087,0.5925925925925926)
Right Elbow: (0.3804347826086957,0.35185185185185186)
Nose: (0.31521739130434784,0.4722222222222222)
Human is one
Left Wrist: (0.31521739130434784,0.5925925925925926)
Rigt Wrist: (0.30434782608695654,0.3611111111111111)
Left Elbow: (0.391304347826087,0.5925925925925926)
Right Elbow: (0.3804347826086957,0.35185185185185186)
Nose: (0.32608695652173914,0.4722222222222222)
Human is blocking face
Human is one
Left Wrist: (0.31521739130434784,0.5925925925925926)
Rigt Wrist: (0.30434782608695654,0.3611111111111111)
Left Elbow: (0.391304347826087,0.5925925925925926)
Right Elbow: (0.3804347826086957,0.35185185185185186)
Nose: (0.32608695652173914,0.4722222222222222)
Human is blocking face
Human is one
Left Wrist: (0.32608695652173914,0.5925925925925926)
Rigt Wrist: (0.30434782608695654,0.3611111111111111)
Left Elbow: (0.391304347826087,0.5925925925925926)
Right Elbow: (0.3804347826086957,0.35185185185185186)
Nose: (0.32608695652173914,0.4722222222222222)
Human is one
Left Wrist: (0.32608695652173914,0.5925925925925926)
Rigt Wrist: (0.30434782608695654,0.3611111111111111)
Left Elbow: (0.391304347826087,0.5925925925925926)
Right Elbow: (0.3804347826086957,0.35185185185185186)
Nose: (0.31521739130434784,0.4722222222222222)
Human is one
Left Wrist: (0.32608695652173914,0.5925925925925926)
Rigt Wrist: (0.31521739130434784,0.35185185185185186)
Left Elbow: (0.391304347826087,0.5925925925925926)
Right Elbow: (0.3804347826086957,0.35185185185185186)
Nose: (0.31521739130434784,0.4722222222222222)
Human is one
Left Wrist: (0.32608695652173914,0.5925925925925926)
Rigt Wrist: (0.31521739130434784,0.35185185185185186)
Left Elbow: (0.40217391304347827,0.5925925925925926)
Right Elbow: (0.3804347826086957,0.35185185185185186)
Nose: (0.31521739130434784,0.4722222222222222)
Human is one
Left Wrist: (0.32608695652173914,0.5925925925925926)
Rigt Wrist: (0.31521739130434784,0.35185185185185186)
Left Elbow: (0.40217391304347827,0.5925925925925926)
Right Elbow: (0.3804347826086957,0.35185185185185186)
Nose: (0.31521739130434784,0.4722222222222222)
Human is one
Left Wrist: (0.32608695652173914,0.5925925925925926)
Rigt Wrist: (0.31521739130434784,0.35185185185185186)
Left Elbow: (0.391304347826087,0.5925925925925926)
Right Elbow: (0.3804347826086957,0.35185185185185186)
Nose: (0.32608695652173914,0.4722222222222222)
Human is one
Left Wrist: (0.32608695652173914,0.5925925925925926)
Rigt Wrist: (0.31521739130434784,0.35185185185185186)
Left Elbow: (0.40217391304347827,0.5925925925925926)
Right Elbow: (0.3804347826086957,0.35185185185185186)
Nose: (0.32608695652173914,0.4722222222222222)
Human is one
Left Wrist: (0.32608695652173914,0.5925925925925926)
Rigt Wrist: (0.31521739130434784,0.35185185185185186)
Left Elbow: (0.40217391304347827,0.5925925925925926)
Right Elbow: (0.3804347826086957,0.35185185185185186)
Nose: (0.32608695652173914,0.4722222222222222)
Human is one
Left Wrist: (0.32608695652173914,0.5925925925925926)
Rigt Wrist: (0.31521739130434784,0.35185185185185186)
Left Elbow: (0.40217391304347827,0.5925925925925926)
Right Elbow: (0.3804347826086957,0.35185185185185186)
Nose: (0.32608695652173914,0.4722222222222222)
Human is one
Left Wrist: (0.32608695652173914,0.5925925925925926)
Rigt Wrist: (0.31521739130434784,0.35185185185185186)
Left Elbow: (0.40217391304347827,0.5925925925925926)
Right Elbow: (0.391304347826087,0.35185185185185186)
Nose: (0.32608695652173914,0.4722222222222222)
Human is one
Left Wrist: (0.32608695652173914,0.5925925925925926)
Rigt Wrist: (0.31521739130434784,0.3611111111111111)
Left Elbow: (0.391304347826087,0.5925925925925926)
Right Elbow: (0.3804347826086957,0.35185185185185186)
Nose: (0.32608695652173914,0.4722222222222222)
Human is one
Left Wrist: (0.32608695652173914,0.5925925925925926)
Rigt Wrist: (0.31521739130434784,0.3611111111111111)
Left Elbow: (0.391304347826087,0.5925925925925926)
Right Elbow: (0.3804347826086957,0.35185185185185186)
Nose: (0.32608695652173914,0.4722222222222222)
Human is one
Left Wrist: (0.32608695652173914,0.5925925925925926)
Rigt Wrist: (0.31521739130434784,0.3611111111111111)
Left Elbow: (0.391304347826087,0.5925925925925926)
Right Elbow: (0.3804347826086957,0.35185185185185186)
Nose: (0.32608695652173914,0.4722222222222222)
Human is one
Left Wrist: (0.32608695652173914,0.5925925925925926)
Rigt Wrist: (0.31521739130434784,0.3611111111111111)
Left Elbow: (0.391304347826087,0.5925925925925926)
Right Elbow: (0.3804347826086957,0.35185185185185186)
Nose: (0.32608695652173914,0.4722222222222222)
Human is one
Left Wrist: (0.32608695652173914,0.5925925925925926)
Rigt Wrist: (0.31521739130434784,0.35185185185185186)
Left Elbow: (0.391304347826087,0.5925925925925926)
Right Elbow: (0.3804347826086957,0.35185185185185186)
Nose: (0.31521739130434784,0.4722222222222222)
Human is one
Left Wrist: (0.32608695652173914,0.5925925925925926)
Rigt Wrist: (0.31521739130434784,0.35185185185185186)
Left Elbow: (0.391304347826087,0.5925925925925926)
Right Elbow: (0.3804347826086957,0.35185185185185186)
Nose: (0.32608695652173914,0.4722222222222222)
Human is one
Left Wrist: (0.31521739130434784,0.5925925925925926)
Rigt Wrist: (0.31521739130434784,0.35185185185185186)
Left Elbow: (0.391304347826087,0.5925925925925926)
Right Elbow: (0.3804347826086957,0.35185185185185186)
Nose: (0.32608695652173914,0.4722222222222222)
Human is blocking face
Human is one
Left Wrist: (0.31521739130434784,0.5925925925925926)
Rigt Wrist: (0.31521739130434784,0.35185185185185186)
Left Elbow: (0.391304347826087,0.5925925925925926)
Right Elbow: (0.3804347826086957,0.35185185185185186)
Nose: (0.32608695652173914,0.4722222222222222)
Human is blocking face
Human is one
Left Wrist: (0.32608695652173914,0.5925925925925926)
Rigt Wrist: (0.31521739130434784,0.35185185185185186)
Left Elbow: (0.391304347826087,0.5925925925925926)
Right Elbow: (0.3804347826086957,0.35185185185185186)
Nose: (0.31521739130434784,0.4722222222222222)
Human is one
Left Wrist: (0.32608695652173914,0.5925925925925926)
Rigt Wrist: (0.31521739130434784,0.35185185185185186)
Left Elbow: (0.391304347826087,0.5925925925925926)
Right Elbow: (0.3804347826086957,0.35185185185185186)
Nose: (0.31521739130434784,0.4722222222222222)
Human is one
Left Wrist: (0.32608695652173914,0.5925925925925926)
Rigt Wrist: (0.31521739130434784,0.35185185185185186)
Left Elbow: (0.391304347826087,0.5925925925925926)
Right Elbow: (0.391304347826087,0.35185185185185186)
Nose: (0.31521739130434784,0.4722222222222222)
Human is one
Left Wrist: (0.32608695652173914,0.5925925925925926)
Rigt Wrist: (0.31521739130434784,0.35185185185185186)
Left Elbow: (0.391304347826087,0.5925925925925926)
Right Elbow: (0.3804347826086957,0.35185185185185186)
Nose: (0.32608695652173914,0.4722222222222222)
Human is one
Left Wrist: (0.31521739130434784,0.5925925925925926)
Rigt Wrist: (0.31521739130434784,0.35185185185185186)
Left Elbow: (0.391304347826087,0.5925925925925926)
Right Elbow: (0.391304347826087,0.35185185185185186)
Nose: (0.32608695652173914,0.4722222222222222)
Human is blocking face
Human is one
Left Wrist: (0.31521739130434784,0.5833333333333334)
Rigt Wrist: (0.31521739130434784,0.35185185185185186)
Left Elbow: (0.391304347826087,0.5925925925925926)
Right Elbow: (0.391304347826087,0.35185185185185186)
Nose: (0.32608695652173914,0.4722222222222222)
Human is blocking face
Human is one
Left Wrist: (0.31521739130434784,0.5833333333333334)
Rigt Wrist: (0.31521739130434784,0.35185185185185186)
Left Elbow: (0.391304347826087,0.5925925925925926)
Right Elbow: (0.391304347826087,0.35185185185185186)
Nose: (0.32608695652173914,0.4722222222222222)
Human is blocking face
Human is one
Left Wrist: (0.31521739130434784,0.5833333333333334)
Rigt Wrist: (0.31521739130434784,0.35185185185185186)
Left Elbow: (0.391304347826087,0.5925925925925926)
Right Elbow: (0.391304347826087,0.35185185185185186)
Nose: (0.32608695652173914,0.4722222222222222)
Human is blocking face
Human is one
Left Wrist: (0.31521739130434784,0.5833333333333334)
Rigt Wrist: (0.31521739130434784,0.35185185185185186)
Left Elbow: (0.391304347826087,0.5925925925925926)
Right Elbow: (0.391304347826087,0.35185185185185186)
Nose: (0.32608695652173914,0.4722222222222222)
Human is blocking face
Human is one
Left Wrist: (0.32608695652173914,0.5833333333333334)
Rigt Wrist: (0.32608695652173914,0.35185185185185186)
Left Elbow: (0.391304347826087,0.5925925925925926)
Right Elbow: (0.391304347826087,0.35185185185185186)
Nose: (0.32608695652173914,0.4722222222222222)
Human is one
Left Wrist: (0.32608695652173914,0.5925925925925926)
Rigt Wrist: (0.32608695652173914,0.3425925925925926)
Left Elbow: (0.391304347826087,0.5925925925925926)
Right Elbow: (0.391304347826087,0.35185185185185186)
Nose: (0.32608695652173914,0.4722222222222222)
Human is one
Left Wrist: (0.32608695652173914,0.5925925925925926)
Rigt Wrist: (0.32608695652173914,0.3425925925925926)
Left Elbow: (0.391304347826087,0.5925925925925926)
Right Elbow: (0.391304347826087,0.35185185185185186)
Nose: (0.32608695652173914,0.4722222222222222)
Human is one
Left Wrist: (0.32608695652173914,0.5925925925925926)
Rigt Wrist: (0.32608695652173914,0.3425925925925926)
Left Elbow: (0.391304347826087,0.5925925925925926)
Right Elbow: (0.391304347826087,0.35185185185185186)
Nose: (0.32608695652173914,0.4722222222222222)
Human is one
Left Wrist: (0.32608695652173914,0.5925925925925926)
Rigt Wrist: (0.32608695652173914,0.3425925925925926)
Left Elbow: (0.391304347826087,0.5925925925925926)
Right Elbow: (0.391304347826087,0.35185185185185186)
Nose: (0.32608695652173914,0.4722222222222222)
Human is one
Left Wrist: (0.32608695652173914,0.5925925925925926)
Rigt Wrist: (0.32608695652173914,0.3425925925925926)
Left Elbow: (0.391304347826087,0.5925925925925926)
Right Elbow: (0.391304347826087,0.35185185185185186)
Nose: (0.31521739130434784,0.4722222222222222)
Human is one
Left Wrist: (0.31521739130434784,0.5925925925925926)
Rigt Wrist: (0.32608695652173914,0.3425925925925926)
Left Elbow: (0.391304347826087,0.5925925925925926)
Right Elbow: (0.391304347826087,0.35185185185185186)
Nose: (0.31521739130434784,0.4722222222222222)
Human is one
Left Wrist: (0.31521739130434784,0.5925925925925926)
Rigt Wrist: (0.31521739130434784,0.3425925925925926)
Left Elbow: (0.391304347826087,0.5925925925925926)
Right Elbow: (0.391304347826087,0.35185185185185186)
Nose: (0.31521739130434784,0.4722222222222222)
Human is one
Left Wrist: (0.31521739130434784,0.5833333333333334)
Rigt Wrist: (0.31521739130434784,0.35185185185185186)
Left Elbow: (0.391304347826087,0.5925925925925926)
Right Elbow: (0.391304347826087,0.35185185185185186)
Nose: (0.32608695652173914,0.4722222222222222)
Human is blocking face
Human is one
Left Wrist: (0.31521739130434784,0.5833333333333334)
Rigt Wrist: (0.31521739130434784,0.35185185185185186)
Left Elbow: (0.391304347826087,0.5925925925925926)
Right Elbow: (0.3804347826086957,0.35185185185185186)
Nose: (0.32608695652173914,0.4722222222222222)
Human is blocking face
Human is one
Left Wrist: (0.31521739130434784,0.5833333333333334)
Rigt Wrist: (0.31521739130434784,0.35185185185185186)
Left Elbow: (0.391304347826087,0.5925925925925926)
Right Elbow: (0.3804347826086957,0.35185185185185186)
Nose: (0.32608695652173914,0.4722222222222222)
Human is blocking face
Human is one
Left Wrist: (0.31521739130434784,0.5833333333333334)
Rigt Wrist: (0.31521739130434784,0.35185185185185186)
Left Elbow: (0.391304347826087,0.5833333333333334)
Right Elbow: (0.3804347826086957,0.35185185185185186)
Nose: (0.32608695652173914,0.4722222222222222)
Human is blocking face
Human is one
Left Wrist: (0.31521739130434784,0.5740740740740741)
Rigt Wrist: (0.30434782608695654,0.3611111111111111)
Left Elbow: (0.391304347826087,0.5833333333333334)
Right Elbow: (0.3804347826086957,0.35185185185185186)
Nose: (0.32608695652173914,0.4722222222222222)
Human is blocking face
Human is one
Left Wrist: (0.30434782608695654,0.5740740740740741)
Rigt Wrist: (0.30434782608695654,0.3611111111111111)
Left Elbow: (0.3804347826086957,0.5833333333333334)
Right Elbow: (0.3804347826086957,0.35185185185185186)
Nose: (0.32608695652173914,0.4722222222222222)
Human is blocking face
Human is one
Left Wrist: (0.30434782608695654,0.5740740740740741)
Rigt Wrist: (0.30434782608695654,0.3611111111111111)
Left Elbow: (0.3804347826086957,0.5833333333333334)
Right Elbow: (0.3804347826086957,0.35185185185185186)
Nose: (0.32608695652173914,0.4722222222222222)
Human is blocking face
Human is one
Left Wrist: (0.30434782608695654,0.5648148148148148)
Rigt Wrist: (0.30434782608695654,0.37037037037037035)
Left Elbow: (0.3804347826086957,0.5833333333333334)
Right Elbow: (0.3804347826086957,0.35185185185185186)
Nose: (0.32608695652173914,0.4722222222222222)
Human is blocking face
Human is one
Left Wrist: (0.30434782608695654,0.5648148148148148)
Rigt Wrist: (0.29347826086956524,0.37037037037037035)
Left Elbow: (0.3804347826086957,0.5833333333333334)
Right Elbow: (0.3695652173913043,0.3611111111111111)
Nose: (0.32608695652173914,0.4722222222222222)
Human is blocking face
Human is one
Left Wrist: (0.29347826086956524,0.5648148148148148)
Rigt Wrist: (0.29347826086956524,0.37037037037037035)
Left Elbow: (0.3804347826086957,0.5740740740740741)
Right Elbow: (0.3695652173913043,0.3611111111111111)
Nose: (0.32608695652173914,0.4722222222222222)
Human is blocking face
Human is one
Left Wrist: (0.29347826086956524,0.5648148148148148)
Rigt Wrist: (0.29347826086956524,0.37962962962962965)
Left Elbow: (0.3804347826086957,0.5740740740740741)
Right Elbow: (0.3695652173913043,0.3611111111111111)
Nose: (0.32608695652173914,0.4722222222222222)
Human is blocking face
Human is one
Left Wrist: (0.29347826086956524,0.5555555555555556)
Rigt Wrist: (0.29347826086956524,0.37962962962962965)
Left Elbow: (0.3804347826086957,0.5740740740740741)
Right Elbow: (0.3695652173913043,0.3611111111111111)
Nose: (0.32608695652173914,0.4722222222222222)
Human is blocking face
Human is one
Left Wrist: (0.29347826086956524,0.5555555555555556)
Rigt Wrist: (0.29347826086956524,0.3888888888888889)
Left Elbow: (0.3804347826086957,0.5740740740740741)
Right Elbow: (0.3695652173913043,0.3611111111111111)
Nose: (0.32608695652173914,0.4722222222222222)
Human is blocking face
Human is one
Left Wrist: (0.2826086956521739,0.5555555555555556)
Rigt Wrist: (0.29347826086956524,0.3888888888888889)
Left Elbow: (0.3804347826086957,0.5648148148148148)
Right Elbow: (0.3695652173913043,0.37037037037037035)
Nose: (0.32608695652173914,0.4722222222222222)
Human is blocking face
Human is one
Left Wrist: (0.29347826086956524,0.5462962962962963)
Rigt Wrist: (0.29347826086956524,0.3888888888888889)
Left Elbow: (0.3804347826086957,0.5648148148148148)
Right Elbow: (0.3695652173913043,0.37037037037037035)
Nose: (0.32608695652173914,0.4722222222222222)
Human is blocking face
Human is one
Left Wrist: (0.29347826086956524,0.5462962962962963)
Rigt Wrist: (0.29347826086956524,0.39814814814814814)
Left Elbow: (0.3804347826086957,0.5648148148148148)
Right Elbow: (0.3695652173913043,0.37037037037037035)
Nose: (0.31521739130434784,0.4722222222222222)
Human is blocking face
Human is one
Left Wrist: (0.29347826086956524,0.5462962962962963)
Rigt Wrist: (0.29347826086956524,0.39814814814814814)
Left Elbow: (0.3804347826086957,0.5555555555555556)
Right Elbow: (0.3695652173913043,0.37037037037037035)
Nose: (0.31521739130434784,0.4722222222222222)
Human is blocking face
Human is one
Left Wrist: (0.29347826086956524,0.5462962962962963)
Rigt Wrist: (0.29347826086956524,0.39814814814814814)
Left Elbow: (0.3804347826086957,0.5555555555555556)
Right Elbow: (0.3695652173913043,0.37962962962962965)
Nose: (0.31521739130434784,0.4722222222222222)
Human is blocking face
Human is one
Left Wrist: (0.29347826086956524,0.5370370370370371)
Rigt Wrist: (0.29347826086956524,0.39814814814814814)
Left Elbow: (0.3804347826086957,0.5555555555555556)
Right Elbow: (0.3695652173913043,0.37962962962962965)
Nose: (0.31521739130434784,0.4722222222222222)
Human is blocking face
Human is one
Left Wrist: (0.29347826086956524,0.5370370370370371)
Rigt Wrist: (0.29347826086956524,0.4074074074074074)
Left Elbow: (0.3804347826086957,0.5555555555555556)
Right Elbow: (0.3695652173913043,0.37962962962962965)
Nose: (0.31521739130434784,0.4722222222222222)
Human is blocking face
Human is one
Left Wrist: (0.29347826086956524,0.5370370370370371)
Rigt Wrist: (0.29347826086956524,0.4074074074074074)
Left Elbow: (0.3804347826086957,0.5462962962962963)
Right Elbow: (0.3695652173913043,0.37962962962962965)
Nose: (0.31521739130434784,0.4722222222222222)
Human is blocking face
Human is one
Left Wrist: (0.29347826086956524,0.5277777777777778)
Rigt Wrist: (0.29347826086956524,0.4074074074074074)
Left Elbow: (0.3804347826086957,0.5462962962962963)
Right Elbow: (0.3695652173913043,0.3888888888888889)
Nose: (0.31521739130434784,0.4722222222222222)
Human is blocking face
Human is one
Left Wrist: (0.29347826086956524,0.5277777777777778)
Rigt Wrist: (0.29347826086956524,0.4074074074074074)
Left Elbow: (0.3804347826086957,0.5462962962962963)
Right Elbow: (0.3804347826086957,0.3888888888888889)
Nose: (0.32608695652173914,0.4722222222222222)
Human is blocking face
Human is one
Left Wrist: (0.29347826086956524,0.5277777777777778)
Rigt Wrist: (0.29347826086956524,0.4166666666666667)
Left Elbow: (0.3804347826086957,0.5462962962962963)
Right Elbow: (0.3804347826086957,0.3888888888888889)
Nose: (0.32608695652173914,0.4722222222222222)
Human is blocking face
Human is one
Left Wrist: (0.29347826086956524,0.5277777777777778)
Rigt Wrist: (0.29347826086956524,0.4166666666666667)
Left Elbow: (0.3804347826086957,0.5462962962962963)
Right Elbow: (0.3804347826086957,0.3888888888888889)
Nose: (0.31521739130434784,0.4722222222222222)
Human is blocking face
Human is one
Left Wrist: (0.29347826086956524,0.5185185185185185)
Rigt Wrist: (0.29347826086956524,0.4166666666666667)
Left Elbow: (0.3804347826086957,0.5370370370370371)
Right Elbow: (0.3804347826086957,0.39814814814814814)
Nose: (0.31521739130434784,0.4722222222222222)
Human is blocking face
Human is one
Left Wrist: (0.29347826086956524,0.5185185185185185)
Rigt Wrist: (0.29347826086956524,0.4166666666666667)
Left Elbow: (0.3804347826086957,0.5370370370370371)
Right Elbow: (0.3804347826086957,0.39814814814814814)
Nose: (0.31521739130434784,0.4722222222222222)
Human is blocking face
Human is one
Left Wrist: (0.29347826086956524,0.5185185185185185)
Rigt Wrist: (0.29347826086956524,0.4166666666666667)
Left Elbow: (0.3804347826086957,0.5370370370370371)
Right Elbow: (0.3804347826086957,0.39814814814814814)
Nose: (0.31521739130434784,0.4722222222222222)
Human is blocking face
Human is one
Left Wrist: (0.29347826086956524,0.5185185185185185)
Rigt Wrist: (0.29347826086956524,0.42592592592592593)
Left Elbow: (0.3804347826086957,0.5370370370370371)
Right Elbow: (0.3804347826086957,0.39814814814814814)
Nose: (0.31521739130434784,0.4722222222222222)
Human is blocking face
Human is one
Left Wrist: (0.30434782608695654,0.5092592592592593)
Rigt Wrist: (0.30434782608695654,0.42592592592592593)
Left Elbow: (0.3804347826086957,0.5370370370370371)
Right Elbow: (0.3804347826086957,0.39814814814814814)
Nose: (0.31521739130434784,0.4722222222222222)
Human is blocking face
Human is one
Left Wrist: (0.30434782608695654,0.5092592592592593)
Rigt Wrist: (0.29347826086956524,0.42592592592592593)
Left Elbow: (0.3804347826086957,0.5277777777777778)
Right Elbow: (0.3804347826086957,0.4074074074074074)
Nose: (0.31521739130434784,0.4722222222222222)
Human is blocking face
Human is one
Left Wrist: (0.30434782608695654,0.5092592592592593)
Rigt Wrist: (0.30434782608695654,0.42592592592592593)
Left Elbow: (0.3804347826086957,0.5277777777777778)
Right Elbow: (0.3804347826086957,0.4074074074074074)
Nose: (0.31521739130434784,0.4722222222222222)
Human is blocking face
Human is one
Left Wrist: (0.30434782608695654,0.5092592592592593)
Rigt Wrist: (0.30434782608695654,0.42592592592592593)
Left Elbow: (0.391304347826087,0.5277777777777778)
Right Elbow: (0.3804347826086957,0.4074074074074074)
Nose: (0.31521739130434784,0.4722222222222222)
Human is blocking face
Human is one
Left Wrist: (0.30434782608695654,0.5)
Rigt Wrist: (0.29347826086956524,0.4351851851851852)
Left Elbow: (0.391304347826087,0.5185185185185185)
Right Elbow: (0.3804347826086957,0.4074074074074074)
Nose: (0.31521739130434784,0.4722222222222222)
Human is blocking face
Human is one
Left Wrist: (0.31521739130434784,0.5)
Rigt Wrist: (0.29347826086956524,0.4351851851851852)
Left Elbow: (0.391304347826087,0.5185185185185185)
Right Elbow: (0.3804347826086957,0.4074074074074074)
Nose: (0.31521739130434784,0.4722222222222222)
Human is one
Left Wrist: (0.30434782608695654,0.5092592592592593)
Rigt Wrist: (0.29347826086956524,0.4351851851851852)
Left Elbow: (0.391304347826087,0.5277777777777778)
Right Elbow: (0.3804347826086957,0.4074074074074074)
Nose: (0.31521739130434784,0.4722222222222222)
Human is blocking face
Human is one
Left Wrist: (0.30434782608695654,0.5092592592592593)
Rigt Wrist: (0.30434782608695654,0.4351851851851852)
Left Elbow: (0.391304347826087,0.5277777777777778)
Right Elbow: (0.3804347826086957,0.4074074074074074)
Nose: (0.31521739130434784,0.4722222222222222)
Human is blocking face
Human is one
Left Wrist: (0.30434782608695654,0.5092592592592593)
Rigt Wrist: (0.30434782608695654,0.4351851851851852)
Left Elbow: (0.391304347826087,0.5277777777777778)
Right Elbow: (0.3804347826086957,0.4074074074074074)
Nose: (0.31521739130434784,0.4722222222222222)
Human is blocking face
Human is one
Left Wrist: (0.30434782608695654,0.5092592592592593)
Rigt Wrist: (0.30434782608695654,0.4351851851851852)
Left Elbow: (0.391304347826087,0.5277777777777778)
Right Elbow: (0.3804347826086957,0.4074074074074074)
Nose: (0.31521739130434784,0.4722222222222222)
Human is blocking face
Human is one
Left Wrist: (0.30434782608695654,0.5092592592592593)
Rigt Wrist: (0.30434782608695654,0.4351851851851852)
Left Elbow: (0.391304347826087,0.5277777777777778)
Right Elbow: (0.3804347826086957,0.4074074074074074)
Nose: (0.31521739130434784,0.4722222222222222)
Human is blocking face
Human is one
Left Wrist: (0.30434782608695654,0.5092592592592593)
Rigt Wrist: (0.30434782608695654,0.4351851851851852)
Left Elbow: (0.391304347826087,0.5277777777777778)
Right Elbow: (0.3804347826086957,0.4074074074074074)
Nose: (0.31521739130434784,0.4722222222222222)
Human is blocking face
Human is one
Left Wrist: (0.30434782608695654,0.5092592592592593)
Rigt Wrist: (0.30434782608695654,0.4351851851851852)
Left Elbow: (0.391304347826087,0.5277777777777778)
Right Elbow: (0.3804347826086957,0.4074074074074074)
Nose: (0.31521739130434784,0.4722222222222222)
Human is blocking face
Human is one
Left Wrist: (0.30434782608695654,0.5092592592592593)
Rigt Wrist: (0.30434782608695654,0.4351851851851852)
Left Elbow: (0.391304347826087,0.5277777777777778)
Right Elbow: (0.3804347826086957,0.4074074074074074)
Nose: (0.31521739130434784,0.4722222222222222)
Human is blocking face
Human is one
Left Wrist: (0.30434782608695654,0.5092592592592593)
Rigt Wrist: (0.30434782608695654,0.4351851851851852)
Left Elbow: (0.391304347826087,0.5277777777777778)
Right Elbow: (0.3804347826086957,0.4074074074074074)
Nose: (0.31521739130434784,0.4722222222222222)
Human is blocking face
Human is one
Left Wrist: (0.30434782608695654,0.5092592592592593)
Rigt Wrist: (0.30434782608695654,0.4351851851851852)
Left Elbow: (0.391304347826087,0.5277777777777778)
Right Elbow: (0.3804347826086957,0.4074074074074074)
Nose: (0.31521739130434784,0.4722222222222222)
Human is blocking face
Human is one
Left Wrist: (0.30434782608695654,0.5092592592592593)
Rigt Wrist: (0.30434782608695654,0.4351851851851852)
Left Elbow: (0.391304347826087,0.5277777777777778)
Right Elbow: (0.3804347826086957,0.4074074074074074)
Nose: (0.31521739130434784,0.4722222222222222)
Human is blocking face
Human is one
Left Wrist: (0.30434782608695654,0.5092592592592593)
Rigt Wrist: (0.30434782608695654,0.4351851851851852)
Left Elbow: (0.391304347826087,0.5277777777777778)
Right Elbow: (0.3804347826086957,0.4074074074074074)
Nose: (0.31521739130434784,0.4722222222222222)
Human is blocking face
Human is one
Left Wrist: (0.29347826086956524,0.5092592592592593)
Rigt Wrist: (0.30434782608695654,0.42592592592592593)
Left Elbow: (0.391304347826087,0.5277777777777778)
Right Elbow: (0.3804347826086957,0.4074074074074074)
Nose: (0.31521739130434784,0.4722222222222222)
Human is blocking face
Human is one
Left Wrist: (0.29347826086956524,0.5092592592592593)
Rigt Wrist: (0.30434782608695654,0.42592592592592593)
Left Elbow: (0.391304347826087,0.5277777777777778)
Right Elbow: (0.3804347826086957,0.4074074074074074)
Nose: (0.31521739130434784,0.4722222222222222)
Human is blocking face
Human is one
Left Wrist: (0.29347826086956524,0.5092592592592593)
Rigt Wrist: (0.30434782608695654,0.42592592592592593)
Left Elbow: (0.3804347826086957,0.5277777777777778)
Right Elbow: (0.3804347826086957,0.4074074074074074)
Nose: (0.31521739130434784,0.4722222222222222)
Human is blocking face
Human is one
Left Wrist: (0.29347826086956524,0.5185185185185185)
Rigt Wrist: (0.29347826086956524,0.42592592592592593)
Left Elbow: (0.3804347826086957,0.5370370370370371)
Right Elbow: (0.3695652173913043,0.4074074074074074)
Nose: (0.31521739130434784,0.4722222222222222)
Human is blocking face
Human is one
Left Wrist: (0.29347826086956524,0.5185185185185185)
Rigt Wrist: (0.29347826086956524,0.42592592592592593)
Left Elbow: (0.3804347826086957,0.5370370370370371)
Right Elbow: (0.3695652173913043,0.39814814814814814)
Nose: (0.31521739130434784,0.4722222222222222)
Human is blocking face
Human is one
Left Wrist: (0.29347826086956524,0.5185185185185185)
Rigt Wrist: (0.29347826086956524,0.42592592592592593)
Left Elbow: (0.3804347826086957,0.5370370370370371)
Right Elbow: (0.3695652173913043,0.39814814814814814)
Nose: (0.31521739130434784,0.4722222222222222)
Human is blocking face
Human is one
Left Wrist: (0.29347826086956524,0.5185185185185185)
Rigt Wrist: (0.29347826086956524,0.4166666666666667)
Left Elbow: (0.3804347826086957,0.5462962962962963)
Right Elbow: (0.3695652173913043,0.39814814814814814)
Nose: (0.31521739130434784,0.4722222222222222)
Human is blocking face
Human is one
Left Wrist: (0.2826086956521739,0.5185185185185185)
Rigt Wrist: (0.29347826086956524,0.4166666666666667)
Left Elbow: (0.3695652173913043,0.5462962962962963)
Right Elbow: (0.3695652173913043,0.3888888888888889)
Nose: (0.31521739130434784,0.4722222222222222)
Human is blocking face
Human is one
Left Wrist: (0.2826086956521739,0.5277777777777778)
Rigt Wrist: (0.29347826086956524,0.4166666666666667)
Left Elbow: (0.3695652173913043,0.5462962962962963)
Right Elbow: (0.3695652173913043,0.3888888888888889)
Nose: (0.31521739130434784,0.4722222222222222)
Human is blocking face
Human is one
Left Wrist: (0.29347826086956524,0.5277777777777778)
Rigt Wrist: (0.29347826086956524,0.4166666666666667)
Left Elbow: (0.3695652173913043,0.5462962962962963)
Right Elbow: (0.3695652173913043,0.3888888888888889)
Nose: (0.31521739130434784,0.4722222222222222)
Human is blocking face
Human is one
Left Wrist: (0.29347826086956524,0.5277777777777778)
Rigt Wrist: (0.29347826086956524,0.4074074074074074)
Left Elbow: (0.3695652173913043,0.5555555555555556)
Right Elbow: (0.3695652173913043,0.3888888888888889)
Nose: (0.31521739130434784,0.4722222222222222)
Human is blocking face
Human is one
Left Wrist: (0.29347826086956524,0.5370370370370371)
Rigt Wrist: (0.29347826086956524,0.4074074074074074)
Left Elbow: (0.3695652173913043,0.5555555555555556)
Right Elbow: (0.3695652173913043,0.37962962962962965)
Nose: (0.31521739130434784,0.4722222222222222)
Human is blocking face
Human is one
Left Wrist: (0.29347826086956524,0.5370370370370371)
Rigt Wrist: (0.29347826086956524,0.39814814814814814)
Left Elbow: (0.3804347826086957,0.5555555555555556)
Right Elbow: (0.3695652173913043,0.37962962962962965)
Nose: (0.31521739130434784,0.4722222222222222)
Human is blocking face
Human is one
Left Wrist: (0.29347826086956524,0.5462962962962963)
Rigt Wrist: (0.29347826086956524,0.39814814814814814)
Left Elbow: (0.3804347826086957,0.5555555555555556)
Right Elbow: (0.3695652173913043,0.37037037037037035)
Nose: (0.32608695652173914,0.4722222222222222)
Human is blocking face
Human is one
Left Wrist: (0.29347826086956524,0.5462962962962963)
Rigt Wrist: (0.29347826086956524,0.39814814814814814)
Left Elbow: (0.3804347826086957,0.5648148148148148)
Right Elbow: (0.3695652173913043,0.37037037037037035)
Nose: (0.31521739130434784,0.4722222222222222)
Human is blocking face
Human is one
Left Wrist: (0.29347826086956524,0.5462962962962963)
Rigt Wrist: (0.29347826086956524,0.3888888888888889)
Left Elbow: (0.3804347826086957,0.5648148148148148)
Right Elbow: (0.3695652173913043,0.37037037037037035)
Nose: (0.31521739130434784,0.4722222222222222)
Human is blocking face
Human is one
Left Wrist: (0.30434782608695654,0.5555555555555556)
Rigt Wrist: (0.29347826086956524,0.3888888888888889)
Left Elbow: (0.3804347826086957,0.5648148148148148)
Right Elbow: (0.3695652173913043,0.37037037037037035)
Nose: (0.31521739130434784,0.4722222222222222)
Human is blocking face
Human is one
Left Wrist: (0.30434782608695654,0.5555555555555556)
Rigt Wrist: (0.29347826086956524,0.37962962962962965)
Left Elbow: (0.3804347826086957,0.5648148148148148)
Right Elbow: (0.3695652173913043,0.3611111111111111)
Nose: (0.31521739130434784,0.4722222222222222)
Human is blocking face
Human is one
Left Wrist: (0.30434782608695654,0.5555555555555556)
Rigt Wrist: (0.29347826086956524,0.37962962962962965)
Left Elbow: (0.3804347826086957,0.5648148148148148)
Right Elbow: (0.3695652173913043,0.3611111111111111)
Nose: (0.31521739130434784,0.4722222222222222)
Human is blocking face
Human is one
Left Wrist: (0.30434782608695654,0.5555555555555556)
Rigt Wrist: (0.29347826086956524,0.37962962962962965)
Left Elbow: (0.3804347826086957,0.5740740740740741)
Right Elbow: (0.3695652173913043,0.3611111111111111)
Nose: (0.31521739130434784,0.4722222222222222)
Human is blocking face
Human is one
Left Wrist: (0.29347826086956524,0.5555555555555556)
Rigt Wrist: (0.29347826086956524,0.37962962962962965)
Left Elbow: (0.3804347826086957,0.5740740740740741)
Right Elbow: (0.3695652173913043,0.3611111111111111)
Nose: (0.31521739130434784,0.4722222222222222)
Human is blocking face
Human is one
Left Wrist: (0.29347826086956524,0.5648148148148148)
Rigt Wrist: (0.29347826086956524,0.37962962962962965)
Left Elbow: (0.3804347826086957,0.5740740740740741)
Right Elbow: (0.3695652173913043,0.35185185185185186)
Nose: (0.32608695652173914,0.4722222222222222)
Human is blocking face
Human is one
Left Wrist: (0.30434782608695654,0.5648148148148148)
Rigt Wrist: (0.29347826086956524,0.37962962962962965)
Left Elbow: (0.3804347826086957,0.5740740740740741)
Right Elbow: (0.3695652173913043,0.35185185185185186)
Nose: (0.32608695652173914,0.4722222222222222)
Human is blocking face
Human is one
Left Wrist: (0.29347826086956524,0.5648148148148148)
Rigt Wrist: (0.29347826086956524,0.37962962962962965)
Left Elbow: (0.3804347826086957,0.5833333333333334)
Right Elbow: (0.3695652173913043,0.35185185185185186)
Nose: (0.32608695652173914,0.4722222222222222)
Human is blocking face
Human is one
Left Wrist: (0.30434782608695654,0.5648148148148148)
Rigt Wrist: (0.29347826086956524,0.37037037037037035)
Left Elbow: (0.3695652173913043,0.5833333333333334)
Right Elbow: (0.3695652173913043,0.35185185185185186)
Nose: (0.32608695652173914,0.4722222222222222)
Human is blocking face
Human is one
Left Wrist: (0.29347826086956524,0.5648148148148148)
Rigt Wrist: (0.29347826086956524,0.37037037037037035)
Left Elbow: (0.3695652173913043,0.5833333333333334)
Right Elbow: (0.3695652173913043,0.35185185185185186)
Nose: (0.32608695652173914,0.4722222222222222)
Human is blocking face
Human is one
Left Wrist: (0.29347826086956524,0.5740740740740741)
Rigt Wrist: (0.29347826086956524,0.37037037037037035)
Left Elbow: (0.3695652173913043,0.5833333333333334)
Right Elbow: (0.3695652173913043,0.35185185185185186)
Nose: (0.32608695652173914,0.4722222222222222)
Human is blocking face
Human is one
Left Wrist: (0.29347826086956524,0.5740740740740741)
Rigt Wrist: (0.30434782608695654,0.37037037037037035)
Left Elbow: (0.3695652173913043,0.5925925925925926)
Right Elbow: (0.3695652173913043,0.35185185185185186)
Nose: (0.32608695652173914,0.4722222222222222)
Human is blocking face
Human is one
Left Wrist: (0.30434782608695654,0.5833333333333334)
Rigt Wrist: (0.30434782608695654,0.37037037037037035)
Left Elbow: (0.3804347826086957,0.5925925925925926)
Right Elbow: (0.3695652173913043,0.35185185185185186)
Nose: (0.32608695652173914,0.4722222222222222)
Human is blocking face
Human is one
Left Wrist: (0.30434782608695654,0.5833333333333334)
Rigt Wrist: (0.30434782608695654,0.37037037037037035)
Left Elbow: (0.3804347826086957,0.5925925925925926)
Right Elbow: (0.3804347826086957,0.35185185185185186)
Nose: (0.32608695652173914,0.4722222222222222)
Human is blocking face
Human is one
Left Wrist: (0.30434782608695654,0.5833333333333334)
Rigt Wrist: (0.30434782608695654,0.37037037037037035)
Left Elbow: (0.3804347826086957,0.5925925925925926)
Right Elbow: (0.3804347826086957,0.35185185185185186)
Nose: (0.32608695652173914,0.4722222222222222)
Human is blocking face
Human is one
Left Wrist: (0.30434782608695654,0.5833333333333334)
Rigt Wrist: (0.30434782608695654,0.37037037037037035)
Left Elbow: (0.3804347826086957,0.5925925925925926)
Right Elbow: (0.3804347826086957,0.35185185185185186)
Nose: (0.32608695652173914,0.4722222222222222)
Human is blocking face
Human is one
Left Wrist: (0.30434782608695654,0.5833333333333334)
Rigt Wrist: (0.30434782608695654,0.37037037037037035)
Left Elbow: (0.3804347826086957,0.5925925925925926)
Right Elbow: (0.3804347826086957,0.35185185185185186)
Nose: (0.32608695652173914,0.4722222222222222)
Human is blocking face
Human is one
Left Wrist: (0.30434782608695654,0.5833333333333334)
Rigt Wrist: (0.30434782608695654,0.37037037037037035)
Left Elbow: (0.3804347826086957,0.5925925925925926)
Right Elbow: (0.3804347826086957,0.35185185185185186)
Nose: (0.32608695652173914,0.4722222222222222)
Human is blocking face
Human is one
Left Wrist: (0.30434782608695654,0.5833333333333334)
Rigt Wrist: (0.30434782608695654,0.37037037037037035)
Left Elbow: (0.3804347826086957,0.5833333333333334)
Right Elbow: (0.3695652173913043,0.35185185185185186)
Nose: (0.32608695652173914,0.4722222222222222)
Human is blocking face
Human is one
Left Wrist: (0.30434782608695654,0.5833333333333334)
Rigt Wrist: (0.30434782608695654,0.37037037037037035)
Left Elbow: (0.3804347826086957,0.5925925925925926)
Right Elbow: (0.3695652173913043,0.35185185185185186)
Nose: (0.32608695652173914,0.4722222222222222)
Human is blocking face
Human is one
Left Wrist: (0.30434782608695654,0.5833333333333334)
Rigt Wrist: (0.30434782608695654,0.37037037037037035)
Left Elbow: (0.3804347826086957,0.5833333333333334)
Right Elbow: (0.3695652173913043,0.35185185185185186)
Nose: (0.32608695652173914,0.4722222222222222)
Human is blocking face
Human is one
Left Wrist: (0.30434782608695654,0.5833333333333334)
Rigt Wrist: (0.30434782608695654,0.37037037037037035)
Left Elbow: (0.3804347826086957,0.5925925925925926)
Right Elbow: (0.3695652173913043,0.35185185185185186)
Nose: (0.32608695652173914,0.4722222222222222)
Human is blocking face
Human is one
Left Wrist: (0.30434782608695654,0.5833333333333334)
Rigt Wrist: (0.30434782608695654,0.37037037037037035)
Left Elbow: (0.3804347826086957,0.5833333333333334)
Right Elbow: (0.3695652173913043,0.35185185185185186)
Nose: (0.32608695652173914,0.4722222222222222)
Human is blocking face
Human is one
Left Wrist: (0.30434782608695654,0.5833333333333334)
Rigt Wrist: (0.30434782608695654,0.37037037037037035)
Left Elbow: (0.3804347826086957,0.5833333333333334)
Right Elbow: (0.3695652173913043,0.35185185185185186)
Nose: (0.32608695652173914,0.4722222222222222)
Human is blocking face
Human is one
Left Wrist: (0.30434782608695654,0.5833333333333334)
Rigt Wrist: (0.30434782608695654,0.37037037037037035)
Left Elbow: (0.3804347826086957,0.5833333333333334)
Right Elbow: (0.3695652173913043,0.35185185185185186)
Nose: (0.32608695652173914,0.4722222222222222)
Human is blocking face
Human is one
Left Wrist: (0.30434782608695654,0.5833333333333334)
Rigt Wrist: (0.30434782608695654,0.37037037037037035)
Left Elbow: (0.3804347826086957,0.5833333333333334)
Right Elbow: (0.3695652173913043,0.35185185185185186)
Nose: (0.32608695652173914,0.4722222222222222)
Human is blocking face
Human is one
Left Wrist: (0.30434782608695654,0.5833333333333334)
Rigt Wrist: (0.30434782608695654,0.37037037037037035)
Left Elbow: (0.3804347826086957,0.5833333333333334)
Right Elbow: (0.3695652173913043,0.35185185185185186)
Nose: (0.32608695652173914,0.4722222222222222)
Human is blocking face
Human is one
Left Wrist: (0.30434782608695654,0.5833333333333334)
Rigt Wrist: (0.30434782608695654,0.37037037037037035)
Left Elbow: (0.3804347826086957,0.5833333333333334)
Right Elbow: (0.3695652173913043,0.35185185185185186)
Nose: (0.32608695652173914,0.4722222222222222)
Human is blocking face
Human is one
Left Wrist: (0.30434782608695654,0.5833333333333334)
Rigt Wrist: (0.29347826086956524,0.37037037037037035)
Left Elbow: (0.3804347826086957,0.5833333333333334)
Right Elbow: (0.3695652173913043,0.35185185185185186)
Nose: (0.32608695652173914,0.4722222222222222)
Human is blocking face
Human is one
Left Wrist: (0.30434782608695654,0.5740740740740741)
Rigt Wrist: (0.29347826086956524,0.37037037037037035)
Left Elbow: (0.3804347826086957,0.5833333333333334)
Right Elbow: (0.3695652173913043,0.35185185185185186)
Nose: (0.32608695652173914,0.4722222222222222)
Human is blocking face
Human is one
Left Wrist: (0.30434782608695654,0.5740740740740741)
Rigt Wrist: (0.30434782608695654,0.37037037037037035)
Left Elbow: (0.3804347826086957,0.5833333333333334)
Right Elbow: (0.3695652173913043,0.3611111111111111)
Nose: (0.32608695652173914,0.4722222222222222)
Human is blocking face
Human is one
Left Wrist: (0.30434782608695654,0.5740740740740741)
Rigt Wrist: (0.29347826086956524,0.37037037037037035)
Left Elbow: (0.3804347826086957,0.5833333333333334)
Right Elbow: (0.3695652173913043,0.3611111111111111)
Nose: (0.32608695652173914,0.4722222222222222)
Human is blocking face
Human is one
Left Wrist: (0.30434782608695654,0.5740740740740741)
Rigt Wrist: (0.29347826086956524,0.37037037037037035)
Left Elbow: (0.3804347826086957,0.5833333333333334)
Right Elbow: (0.3695652173913043,0.3611111111111111)
Nose: (0.32608695652173914,0.4722222222222222)
Human is blocking face
Human is one
Left Wrist: (0.30434782608695654,0.5648148148148148)
Rigt Wrist: (0.29347826086956524,0.37962962962962965)
Left Elbow: (0.3804347826086957,0.5833333333333334)
Right Elbow: (0.3695652173913043,0.3611111111111111)
Nose: (0.32608695652173914,0.4722222222222222)
Human is blocking face
Human is one
Left Wrist: (0.30434782608695654,0.5648148148148148)
Rigt Wrist: (0.30434782608695654,0.37962962962962965)
Left Elbow: (0.3804347826086957,0.5833333333333334)
Right Elbow: (0.3804347826086957,0.3611111111111111)
Nose: (0.32608695652173914,0.4722222222222222)
Human is blocking face
Human is one
Left Wrist: (0.29347826086956524,0.5648148148148148)
Rigt Wrist: (0.30434782608695654,0.37962962962962965)
Left Elbow: (0.3804347826086957,0.5740740740740741)
Right Elbow: (0.3695652173913043,0.3611111111111111)
Nose: (0.32608695652173914,0.4722222222222222)
Human is blocking face
Human is one
Left Wrist: (0.29347826086956524,0.5555555555555556)
Rigt Wrist: (0.30434782608695654,0.37962962962962965)
Left Elbow: (0.3804347826086957,0.5740740740740741)
Right Elbow: (0.3804347826086957,0.3611111111111111)
Nose: (0.31521739130434784,0.4722222222222222)
Human is blocking face
Human is one
Left Wrist: (0.30434782608695654,0.5555555555555556)
Rigt Wrist: (0.29347826086956524,0.37962962962962965)
Left Elbow: (0.3804347826086957,0.5740740740740741)
Right Elbow: (0.3804347826086957,0.3611111111111111)
Nose: (0.32608695652173914,0.4722222222222222)
Human is blocking face
Human is one
Left Wrist: (0.30434782608695654,0.5555555555555556)
Rigt Wrist: (0.30434782608695654,0.3888888888888889)
Left Elbow: (0.3804347826086957,0.5740740740740741)
Right Elbow: (0.3804347826086957,0.3611111111111111)
Nose: (0.31521739130434784,0.4722222222222222)
Human is blocking face
Human is one
Left Wrist: (0.30434782608695654,0.5555555555555556)
Rigt Wrist: (0.30434782608695654,0.3888888888888889)
Left Elbow: (0.3804347826086957,0.5648148148148148)
Right Elbow: (0.3804347826086957,0.37037037037037035)
Nose: (0.31521739130434784,0.4722222222222222)
Human is blocking face
Human is one
Left Wrist: (0.30434782608695654,0.5555555555555556)
Rigt Wrist: (0.30434782608695654,0.3888888888888889)
Left Elbow: (0.3804347826086957,0.5648148148148148)
Right Elbow: (0.3804347826086957,0.37037037037037035)
Nose: (0.31521739130434784,0.4722222222222222)
Human is blocking face
Human is one
Left Wrist: (0.30434782608695654,0.5462962962962963)
Rigt Wrist: (0.29347826086956524,0.39814814814814814)
Left Elbow: (0.3804347826086957,0.5648148148148148)
Right Elbow: (0.3804347826086957,0.37037037037037035)
Nose: (0.32608695652173914,0.4722222222222222)
Human is blocking face
Human is one
Left Wrist: (0.30434782608695654,0.5462962962962963)
Rigt Wrist: (0.30434782608695654,0.39814814814814814)
Left Elbow: (0.3804347826086957,0.5648148148148148)
Right Elbow: (0.3804347826086957,0.37037037037037035)
Nose: (0.31521739130434784,0.4722222222222222)
Human is blocking face
Human is one
Left Wrist: (0.29347826086956524,0.5462962962962963)
Rigt Wrist: (0.29347826086956524,0.39814814814814814)
Left Elbow: (0.3804347826086957,0.5555555555555556)
Right Elbow: (0.3804347826086957,0.37962962962962965)
Nose: (0.32608695652173914,0.4722222222222222)
Human is blocking face
Human is one
Left Wrist: (0.29347826086956524,0.5370370370370371)
Rigt Wrist: (0.29347826086956524,0.39814814814814814)
Left Elbow: (0.3804347826086957,0.5555555555555556)
Right Elbow: (0.3804347826086957,0.37962962962962965)
Nose: (0.32608695652173914,0.4722222222222222)
Human is blocking face
Human is one
Left Wrist: (0.29347826086956524,0.5370370370370371)
Rigt Wrist: (0.29347826086956524,0.4074074074074074)
Left Elbow: (0.3804347826086957,0.5555555555555556)
Right Elbow: (0.3804347826086957,0.37962962962962965)
Nose: (0.32608695652173914,0.4722222222222222)
Human is blocking face
Human is one
Left Wrist: (0.29347826086956524,0.5370370370370371)
Rigt Wrist: (0.29347826086956524,0.4074074074074074)
Left Elbow: (0.3804347826086957,0.5555555555555556)
Right Elbow: (0.3804347826086957,0.37962962962962965)
Nose: (0.31521739130434784,0.4722222222222222)
Human is blocking face
Human is one
Left Wrist: (0.29347826086956524,0.5370370370370371)
Rigt Wrist: (0.30434782608695654,0.4074074074074074)
Left Elbow: (0.3804347826086957,0.5555555555555556)
Right Elbow: (0.3804347826086957,0.37962962962962965)
Nose: (0.32608695652173914,0.4722222222222222)
Human is blocking face
Human is one
Left Wrist: (0.29347826086956524,0.5277777777777778)
Rigt Wrist: (0.30434782608695654,0.4166666666666667)
Left Elbow: (0.3804347826086957,0.5462962962962963)
Right Elbow: (0.3804347826086957,0.3888888888888889)
Nose: (0.32608695652173914,0.4722222222222222)
Human is blocking face
Human is one
Left Wrist: (0.29347826086956524,0.5277777777777778)
Rigt Wrist: (0.30434782608695654,0.4166666666666667)
Left Elbow: (0.3804347826086957,0.5462962962962963)
Right Elbow: (0.3804347826086957,0.3888888888888889)
Nose: (0.31521739130434784,0.4722222222222222)
Human is blocking face
Human is one
Left Wrist: (0.29347826086956524,0.5277777777777778)
Rigt Wrist: (0.30434782608695654,0.4166666666666667)
Left Elbow: (0.3804347826086957,0.5462962962962963)
Right Elbow: (0.3804347826086957,0.39814814814814814)
Nose: (0.31521739130434784,0.4722222222222222)
Human is blocking face
Human is one
Left Wrist: (0.30434782608695654,0.5185185185185185)
Rigt Wrist: (0.30434782608695654,0.42592592592592593)
Left Elbow: (0.3804347826086957,0.5370370370370371)
Right Elbow: (0.3804347826086957,0.39814814814814814)
Nose: (0.31521739130434784,0.4722222222222222)
Human is blocking face
Human is one
Left Wrist: (0.30434782608695654,0.5092592592592593)
Rigt Wrist: (0.30434782608695654,0.42592592592592593)
Left Elbow: (0.3804347826086957,0.5370370370370371)
Right Elbow: (0.3804347826086957,0.4074074074074074)
Nose: (0.32608695652173914,0.4722222222222222)
Human is blocking face
Human is one
Left Wrist: (0.30434782608695654,0.5092592592592593)
Rigt Wrist: (0.30434782608695654,0.42592592592592593)
Left Elbow: (0.3804347826086957,0.5277777777777778)
Right Elbow: (0.3804347826086957,0.4074074074074074)
Nose: (0.31521739130434784,0.4722222222222222)
Human is blocking face
Human is one
Left Wrist: (0.31521739130434784,0.5092592592592593)
Rigt Wrist: (0.30434782608695654,0.4351851851851852)
Left Elbow: (0.391304347826087,0.5277777777777778)
Right Elbow: (0.3804347826086957,0.4074074074074074)
Nose: (0.31521739130434784,0.4722222222222222)
Human is one
Left Wrist: (0.31521739130434784,0.5092592592592593)
Rigt Wrist: (0.30434782608695654,0.4351851851851852)
Left Elbow: (0.391304347826087,0.5277777777777778)
Right Elbow: (0.3804347826086957,0.4074074074074074)
Nose: (0.31521739130434784,0.4722222222222222)
Human is one
Left Wrist: (0.31521739130434784,0.5092592592592593)
Rigt Wrist: (0.30434782608695654,0.4351851851851852)
Left Elbow: (0.391304347826087,0.5277777777777778)
Right Elbow: (0.3804347826086957,0.4074074074074074)
Nose: (0.32608695652173914,0.4722222222222222)
Human is blocking face
Human is one
Left Wrist: (0.30434782608695654,0.5092592592592593)
Rigt Wrist: (0.30434782608695654,0.4351851851851852)
Left Elbow: (0.391304347826087,0.5277777777777778)
Right Elbow: (0.3804347826086957,0.4074074074074074)
Nose: (0.32608695652173914,0.4722222222222222)
Human is blocking face
Human is one
Left Wrist: (0.31521739130434784,0.5092592592592593)
Rigt Wrist: (0.30434782608695654,0.4351851851851852)
Left Elbow: (0.391304347826087,0.5277777777777778)
Right Elbow: (0.3804347826086957,0.4074074074074074)
Nose: (0.31521739130434784,0.4722222222222222)
Human is one
Left Wrist: (0.31521739130434784,0.5092592592592593)
Rigt Wrist: (0.30434782608695654,0.4351851851851852)
Left Elbow: (0.391304347826087,0.5277777777777778)
Right Elbow: (0.3804347826086957,0.4074074074074074)
Nose: (0.31521739130434784,0.4722222222222222)
Human is one
Left Wrist: (0.31521739130434784,0.5092592592592593)
Rigt Wrist: (0.30434782608695654,0.4351851851851852)
Left Elbow: (0.391304347826087,0.5277777777777778)
Right Elbow: (0.3804347826086957,0.4074074074074074)
Nose: (0.31521739130434784,0.4722222222222222)
Human is one
Left Wrist: (0.31521739130434784,0.5092592592592593)
Rigt Wrist: (0.30434782608695654,0.4351851851851852)
Left Elbow: (0.391304347826087,0.5277777777777778)
Right Elbow: (0.3804347826086957,0.4074074074074074)
Nose: (0.31521739130434784,0.4722222222222222)
Human is one
Left Wrist: (0.31521739130434784,0.5092592592592593)
Rigt Wrist: (0.30434782608695654,0.4351851851851852)
Left Elbow: (0.391304347826087,0.5277777777777778)
Right Elbow: (0.3804347826086957,0.4074074074074074)
Nose: (0.31521739130434784,0.4722222222222222)
Human is one
Left Wrist: (0.31521739130434784,0.5092592592592593)
Rigt Wrist: (0.30434782608695654,0.4351851851851852)
Left Elbow: (0.391304347826087,0.5277777777777778)
Right Elbow: (0.3804347826086957,0.4074074074074074)
Nose: (0.31521739130434784,0.4722222222222222)
Human is one
Left Wrist: (0.31521739130434784,0.5092592592592593)
Rigt Wrist: (0.30434782608695654,0.42592592592592593)
Left Elbow: (0.391304347826087,0.5277777777777778)
Right Elbow: (0.3804347826086957,0.4074074074074074)
Nose: (0.31521739130434784,0.4722222222222222)
Human is one
Left Wrist: (0.30434782608695654,0.5092592592592593)
Rigt Wrist: (0.30434782608695654,0.42592592592592593)
Left Elbow: (0.391304347826087,0.5370370370370371)
Right Elbow: (0.3804347826086957,0.4074074074074074)
Nose: (0.31521739130434784,0.4722222222222222)
Human is blocking face
Human is one
Left Wrist: (0.30434782608695654,0.5092592592592593)
Rigt Wrist: (0.30434782608695654,0.42592592592592593)
Left Elbow: (0.391304347826087,0.5370370370370371)
Right Elbow: (0.3804347826086957,0.4074074074074074)
Nose: (0.31521739130434784,0.4722222222222222)
Human is blocking face
Human is one
Left Wrist: (0.30434782608695654,0.5185185185185185)
Rigt Wrist: (0.30434782608695654,0.42592592592592593)
Left Elbow: (0.3804347826086957,0.5370370370370371)
Right Elbow: (0.3804347826086957,0.39814814814814814)
Nose: (0.31521739130434784,0.4722222222222222)
Human is blocking face
Human is one
Left Wrist: (0.30434782608695654,0.5185185185185185)
Rigt Wrist: (0.30434782608695654,0.42592592592592593)
Left Elbow: (0.3804347826086957,0.5370370370370371)
Right Elbow: (0.3804347826086957,0.39814814814814814)
Nose: (0.32608695652173914,0.4722222222222222)
Human is blocking face
Human is one
Left Wrist: (0.30434782608695654,0.5185185185185185)
Rigt Wrist: (0.30434782608695654,0.42592592592592593)
Left Elbow: (0.3804347826086957,0.5370370370370371)
Right Elbow: (0.3804347826086957,0.39814814814814814)
Nose: (0.32608695652173914,0.4722222222222222)
Human is blocking face
Human is one
Left Wrist: (0.30434782608695654,0.5185185185185185)
Rigt Wrist: (0.29347826086956524,0.42592592592592593)
Left Elbow: (0.3804347826086957,0.5462962962962963)
Right Elbow: (0.3804347826086957,0.39814814814814814)
Nose: (0.32608695652173914,0.4722222222222222)
Human is blocking face
Human is one
Left Wrist: (0.29347826086956524,0.5185185185185185)
Rigt Wrist: (0.29347826086956524,0.4166666666666667)
Left Elbow: (0.3804347826086957,0.5462962962962963)
Right Elbow: (0.3804347826086957,0.39814814814814814)
Nose: (0.31521739130434784,0.4722222222222222)
Human is blocking face
Human is one
Left Wrist: (0.29347826086956524,0.5277777777777778)
Rigt Wrist: (0.29347826086956524,0.4166666666666667)
Left Elbow: (0.3804347826086957,0.5462962962962963)
Right Elbow: (0.3804347826086957,0.3888888888888889)
Nose: (0.31521739130434784,0.4722222222222222)
Human is blocking face
Human is one
Left Wrist: (0.29347826086956524,0.5277777777777778)
Rigt Wrist: (0.29347826086956524,0.4166666666666667)
Left Elbow: (0.3804347826086957,0.5462962962962963)
Right Elbow: (0.3804347826086957,0.3888888888888889)
Nose: (0.31521739130434784,0.4722222222222222)
Human is blocking face
Human is one
Left Wrist: (0.29347826086956524,0.5277777777777778)
Rigt Wrist: (0.29347826086956524,0.4166666666666667)
Left Elbow: (0.3804347826086957,0.5462962962962963)
Right Elbow: (0.3804347826086957,0.3888888888888889)
Nose: (0.32608695652173914,0.4722222222222222)
Human is blocking face
Human is one
Left Wrist: (0.30434782608695654,0.5277777777777778)
Rigt Wrist: (0.30434782608695654,0.4166666666666667)
Left Elbow: (0.3804347826086957,0.5462962962962963)
Right Elbow: (0.3804347826086957,0.3888888888888889)
Nose: (0.32608695652173914,0.4722222222222222)
Human is blocking face
Human is one
Left Wrist: (0.30434782608695654,0.5277777777777778)
Rigt Wrist: (0.30434782608695654,0.4074074074074074)
Left Elbow: (0.3804347826086957,0.5462962962962963)
Right Elbow: (0.3804347826086957,0.3888888888888889)
Nose: (0.32608695652173914,0.4722222222222222)
Human is blocking face
Human is one
Left Wrist: (0.30434782608695654,0.5277777777777778)
Rigt Wrist: (0.30434782608695654,0.4074074074074074)
Left Elbow: (0.3804347826086957,0.5462962962962963)
Right Elbow: (0.3804347826086957,0.3888888888888889)
Nose: (0.32608695652173914,0.4722222222222222)
Human is blocking face
Human is one
Left Wrist: (0.30434782608695654,0.5370370370370371)
Rigt Wrist: (0.29347826086956524,0.4074074074074074)
Left Elbow: (0.3804347826086957,0.5555555555555556)
Right Elbow: (0.3695652173913043,0.37962962962962965)
Nose: (0.32608695652173914,0.4722222222222222)
Human is blocking face
Human is one
Left Wrist: (0.30434782608695654,0.5370370370370371)
Rigt Wrist: (0.30434782608695654,0.4074074074074074)
Left Elbow: (0.3804347826086957,0.5555555555555556)
Right Elbow: (0.3804347826086957,0.37962962962962965)
Nose: (0.32608695652173914,0.4722222222222222)
Human is blocking face
Human is one
Left Wrist: (0.30434782608695654,0.5370370370370371)
Rigt Wrist: (0.30434782608695654,0.4074074074074074)
Left Elbow: (0.391304347826087,0.5555555555555556)
Right Elbow: (0.3804347826086957,0.37962962962962965)
Nose: (0.32608695652173914,0.4722222222222222)
Human is blocking face
Human is one
Left Wrist: (0.30434782608695654,0.5370370370370371)
Rigt Wrist: (0.29347826086956524,0.4074074074074074)
Left Elbow: (0.391304347826087,0.5555555555555556)
Right Elbow: (0.3804347826086957,0.37962962962962965)
Nose: (0.32608695652173914,0.4722222222222222)
Human is blocking face
Human is one
Left Wrist: (0.30434782608695654,0.5370370370370371)
Rigt Wrist: (0.29347826086956524,0.39814814814814814)
Left Elbow: (0.3804347826086957,0.5555555555555556)
Right Elbow: (0.3804347826086957,0.37962962962962965)
Nose: (0.32608695652173914,0.4722222222222222)
Human is blocking face
Human is one
Left Wrist: (0.30434782608695654,0.5462962962962963)
Rigt Wrist: (0.29347826086956524,0.39814814814814814)
Left Elbow: (0.3804347826086957,0.5648148148148148)
Right Elbow: (0.3804347826086957,0.37962962962962965)
Nose: (0.32608695652173914,0.4722222222222222)
Human is blocking face
Human is one
Left Wrist: (0.30434782608695654,0.5462962962962963)
Rigt Wrist: (0.30434782608695654,0.39814814814814814)
Left Elbow: (0.391304347826087,0.5648148148148148)
Right Elbow: (0.3804347826086957,0.37037037037037035)
Nose: (0.32608695652173914,0.4722222222222222)
Human is blocking face
Human is one
Left Wrist: (0.30434782608695654,0.5462962962962963)
Rigt Wrist: (0.30434782608695654,0.39814814814814814)
Left Elbow: (0.3804347826086957,0.5648148148148148)
Right Elbow: (0.3804347826086957,0.37037037037037035)
Nose: (0.32608695652173914,0.4722222222222222)
Human is blocking face
Human is one
Left Wrist: (0.30434782608695654,0.5555555555555556)
Rigt Wrist: (0.30434782608695654,0.3888888888888889)
Left Elbow: (0.3804347826086957,0.5648148148148148)
Right Elbow: (0.3804347826086957,0.37037037037037035)
Nose: (0.32608695652173914,0.4722222222222222)
Human is blocking face
Human is one
Left Wrist: (0.30434782608695654,0.5555555555555556)
Rigt Wrist: (0.30434782608695654,0.3888888888888889)
Left Elbow: (0.3804347826086957,0.5648148148148148)
Right Elbow: (0.3804347826086957,0.37037037037037035)
Nose: (0.32608695652173914,0.4722222222222222)
Human is blocking face
Human is one
Left Wrist: (0.30434782608695654,0.5555555555555556)
Rigt Wrist: (0.30434782608695654,0.3888888888888889)
Left Elbow: (0.3804347826086957,0.5648148148148148)
Right Elbow: (0.3804347826086957,0.37037037037037035)
Nose: (0.32608695652173914,0.4722222222222222)
Human is blocking face
Human is one
Left Wrist: (0.30434782608695654,0.5555555555555556)
Rigt Wrist: (0.30434782608695654,0.3888888888888889)
Left Elbow: (0.3804347826086957,0.5740740740740741)
Right Elbow: (0.3804347826086957,0.37037037037037035)
Nose: (0.32608695652173914,0.4722222222222222)
Human is blocking face
Human is one
Left Wrist: (0.30434782608695654,0.5555555555555556)
Rigt Wrist: (0.30434782608695654,0.3888888888888889)
Left Elbow: (0.3804347826086957,0.5740740740740741)
Right Elbow: (0.3804347826086957,0.3611111111111111)
Nose: (0.32608695652173914,0.4722222222222222)
Human is blocking face
Human is one
Left Wrist: (0.30434782608695654,0.5648148148148148)
Rigt Wrist: (0.30434782608695654,0.37962962962962965)
Left Elbow: (0.3804347826086957,0.5740740740740741)
Right Elbow: (0.3804347826086957,0.3611111111111111)
Nose: (0.32608695652173914,0.4722222222222222)
Human is blocking face
Human is one
Left Wrist: (0.30434782608695654,0.5648148148148148)
Rigt Wrist: (0.30434782608695654,0.37962962962962965)
Left Elbow: (0.3804347826086957,0.5740740740740741)
Right Elbow: (0.3804347826086957,0.3611111111111111)
Nose: (0.32608695652173914,0.4722222222222222)
Human is blocking face
Human is one
Left Wrist: (0.30434782608695654,0.5648148148148148)
Rigt Wrist: (0.30434782608695654,0.37962962962962965)
Left Elbow: (0.3804347826086957,0.5833333333333334)
Right Elbow: (0.3804347826086957,0.3611111111111111)
Nose: (0.32608695652173914,0.4722222222222222)
Human is blocking face
Human is one
Left Wrist: (0.30434782608695654,0.5648148148148148)
Rigt Wrist: (0.30434782608695654,0.37962962962962965)
Left Elbow: (0.3804347826086957,0.5833333333333334)
Right Elbow: (0.3804347826086957,0.3611111111111111)
Nose: (0.32608695652173914,0.4722222222222222)
Human is blocking face
Human is one
Left Wrist: (0.30434782608695654,0.5740740740740741)
Rigt Wrist: (0.30434782608695654,0.37037037037037035)
Left Elbow: (0.391304347826087,0.5833333333333334)
Right Elbow: (0.3804347826086957,0.3611111111111111)
Nose: (0.32608695652173914,0.4722222222222222)
Human is blocking face
Human is one
Left Wrist: (0.31521739130434784,0.5740740740740741)
Rigt Wrist: (0.30434782608695654,0.37037037037037035)
Left Elbow: (0.391304347826087,0.5833333333333334)
Right Elbow: (0.3804347826086957,0.35185185185185186)
Nose: (0.32608695652173914,0.4722222222222222)
Human is blocking face
Human is one
Left Wrist: (0.31521739130434784,0.5833333333333334)
Rigt Wrist: (0.31521739130434784,0.37037037037037035)
Left Elbow: (0.391304347826087,0.5833333333333334)
Right Elbow: (0.3804347826086957,0.35185185185185186)
Nose: (0.32608695652173914,0.4722222222222222)
Human is blocking face
Human is one
Left Wrist: (0.31521739130434784,0.5833333333333334)
Rigt Wrist: (0.31521739130434784,0.3611111111111111)
Left Elbow: (0.391304347826087,0.5925925925925926)
Right Elbow: (0.3804347826086957,0.35185185185185186)
Nose: (0.32608695652173914,0.4722222222222222)
Human is blocking face
Human is one
Left Wrist: (0.31521739130434784,0.5833333333333334)
Rigt Wrist: (0.31521739130434784,0.3611111111111111)
Left Elbow: (0.391304347826087,0.5925925925925926)
Right Elbow: (0.391304347826087,0.35185185185185186)
Nose: (0.32608695652173914,0.4722222222222222)
Human is blocking face
Human is one
Left Wrist: (0.31521739130434784,0.5925925925925926)
Rigt Wrist: (0.31521739130434784,0.3611111111111111)
Left Elbow: (0.391304347826087,0.5925925925925926)
Right Elbow: (0.391304347826087,0.35185185185185186)
Nose: (0.32608695652173914,0.4722222222222222)
Human is blocking face
Human is one
Left Wrist: (0.31521739130434784,0.5833333333333334)
Rigt Wrist: (0.31521739130434784,0.3611111111111111)
Left Elbow: (0.391304347826087,0.5925925925925926)
Right Elbow: (0.391304347826087,0.35185185185185186)
Nose: (0.32608695652173914,0.4722222222222222)
Human is blocking face
Human is one
Left Wrist: (0.31521739130434784,0.5833333333333334)
Rigt Wrist: (0.31521739130434784,0.3611111111111111)
Left Elbow: (0.391304347826087,0.5925925925925926)
Right Elbow: (0.391304347826087,0.35185185185185186)
Nose: (0.32608695652173914,0.4722222222222222)
Human is blocking face
Human is one
Left Wrist: (0.31521739130434784,0.5833333333333334)
Rigt Wrist: (0.31521739130434784,0.3611111111111111)
Left Elbow: (0.391304347826087,0.5925925925925926)
Right Elbow: (0.391304347826087,0.35185185185185186)
Nose: (0.32608695652173914,0.4722222222222222)
Human is blocking face
Human is one
Left Wrist: (0.31521739130434784,0.5833333333333334)
Rigt Wrist: (0.31521739130434784,0.3611111111111111)
Left Elbow: (0.391304347826087,0.5925925925925926)
Right Elbow: (0.3804347826086957,0.35185185185185186)
Nose: (0.32608695652173914,0.4722222222222222)
Human is blocking face
Human is one
Left Wrist: (0.31521739130434784,0.5833333333333334)
Rigt Wrist: (0.31521739130434784,0.3611111111111111)
Left Elbow: (0.391304347826087,0.5925925925925926)
Right Elbow: (0.391304347826087,0.35185185185185186)
Nose: (0.32608695652173914,0.4722222222222222)
Human is blocking face
Human is one
Left Wrist: (0.31521739130434784,0.5833333333333334)
Rigt Wrist: (0.31521739130434784,0.3611111111111111)
Left Elbow: (0.391304347826087,0.5925925925925926)
Right Elbow: (0.391304347826087,0.35185185185185186)
Nose: (0.32608695652173914,0.4722222222222222)
Human is blocking face
Human is one
Left Wrist: (0.31521739130434784,0.5833333333333334)
Rigt Wrist: (0.31521739130434784,0.3611111111111111)
Left Elbow: (0.391304347826087,0.5925925925925926)
Right Elbow: (0.391304347826087,0.35185185185185186)
Nose: (0.32608695652173914,0.4722222222222222)
Human is blocking face
Human is one
Left Wrist: (0.31521739130434784,0.5833333333333334)
Rigt Wrist: (0.31521739130434784,0.3611111111111111)
Left Elbow: (0.391304347826087,0.5925925925925926)
Right Elbow: (0.391304347826087,0.35185185185185186)
Nose: (0.32608695652173914,0.4722222222222222)
Human is blocking face
Human is one
Left Wrist: (0.31521739130434784,0.5833333333333334)
Rigt Wrist: (0.31521739130434784,0.3611111111111111)
Left Elbow: (0.391304347826087,0.5925925925925926)
Right Elbow: (0.391304347826087,0.35185185185185186)
Nose: (0.32608695652173914,0.4722222222222222)
Human is blocking face
Human is one
Left Wrist: (0.31521739130434784,0.5833333333333334)
Rigt Wrist: (0.31521739130434784,0.3611111111111111)
Left Elbow: (0.391304347826087,0.5925925925925926)
Right Elbow: (0.391304347826087,0.35185185185185186)
Nose: (0.32608695652173914,0.4722222222222222)
Human is blocking face
Human is one
Left Wrist: (0.31521739130434784,0.5833333333333334)
Rigt Wrist: (0.31521739130434784,0.3611111111111111)
Left Elbow: (0.391304347826087,0.5925925925925926)
Right Elbow: (0.391304347826087,0.35185185185185186)
Nose: (0.32608695652173914,0.4722222222222222)
Human is blocking face
Human is one
Left Wrist: (0.31521739130434784,0.5833333333333334)
Rigt Wrist: (0.31521739130434784,0.3611111111111111)
Left Elbow: (0.391304347826087,0.5925925925925926)
Right Elbow: (0.391304347826087,0.35185185185185186)
Nose: (0.32608695652173914,0.4722222222222222)
Human is blocking face
Human is one
Left Wrist: (0.31521739130434784,0.5833333333333334)
Rigt Wrist: (0.31521739130434784,0.3611111111111111)
Left Elbow: (0.391304347826087,0.5925925925925926)
Right Elbow: (0.391304347826087,0.35185185185185186)
Nose: (0.32608695652173914,0.4722222222222222)
Human is blocking face
Human is one
Left Wrist: (0.31521739130434784,0.5833333333333334)
Rigt Wrist: (0.31521739130434784,0.3611111111111111)
Left Elbow: (0.391304347826087,0.5925925925925926)
Right Elbow: (0.391304347826087,0.35185185185185186)
Nose: (0.32608695652173914,0.4722222222222222)
Human is blocking face
Human is one
Left Wrist: (0.31521739130434784,0.5833333333333334)
Rigt Wrist: (0.31521739130434784,0.3611111111111111)
Left Elbow: (0.391304347826087,0.5925925925925926)
Right Elbow: (0.391304347826087,0.35185185185185186)
Nose: (0.32608695652173914,0.4722222222222222)
Human is blocking face
Human is one
Left Wrist: (0.31521739130434784,0.5833333333333334)
Rigt Wrist: (0.31521739130434784,0.3611111111111111)
Left Elbow: (0.391304347826087,0.5925925925925926)
Right Elbow: (0.391304347826087,0.35185185185185186)
Nose: (0.32608695652173914,0.4722222222222222)
Human is blocking face
Human is one
Left Wrist: (0.31521739130434784,0.5833333333333334)
Rigt Wrist: (0.31521739130434784,0.3611111111111111)
Left Elbow: (0.391304347826087,0.5925925925925926)
Right Elbow: (0.391304347826087,0.35185185185185186)
Nose: (0.32608695652173914,0.4722222222222222)
Human is blocking face
Human is one
Left Wrist: (0.31521739130434784,0.5833333333333334)
Rigt Wrist: (0.31521739130434784,0.3611111111111111)
Left Elbow: (0.391304347826087,0.5833333333333334)
Right Elbow: (0.391304347826087,0.35185185185185186)
Nose: (0.32608695652173914,0.4722222222222222)
Human is blocking face
Human is one
Left Wrist: (0.31521739130434784,0.5833333333333334)
Rigt Wrist: (0.31521739130434784,0.3611111111111111)
Left Elbow: (0.391304347826087,0.5925925925925926)
Right Elbow: (0.391304347826087,0.35185185185185186)
Nose: (0.32608695652173914,0.4722222222222222)
Human is blocking face
Human is one
Left Wrist: (0.31521739130434784,0.5833333333333334)
Rigt Wrist: (0.31521739130434784,0.3611111111111111)
Left Elbow: (0.391304347826087,0.5925925925925926)
Right Elbow: (0.391304347826087,0.35185185185185186)
Nose: (0.32608695652173914,0.4722222222222222)
Human is blocking face
